# JRE version: OpenJDK Runtime Environment Temurin-21.0.6+7 (21.0.6+7) (build 21.0.6+7-LTS)
# Java VM: OpenJDK 64-Bit Server VM Temurin-21.0.6+7 (21.0.6+7-LTS, mixed mode, sharing, tiered, compressed oops, compressed class ptrs, parallel gc, windows-amd64)
GC Precious Log:
 CardTable entry size: 512
 CPUs: 8 total, 8 available
 Memory: 3429M
 Large Page Support: Disabled
 NUMA Support: Disabled
 Compressed Oops: Enabled (32-bit)
 Alignments: Space 512K, Generation 512K, Heap 2M
 Heap Min Capacity: 100M
 Heap Initial Capacity: 100M
 Heap Max Capacity: 1G
 Pre-touch: Disabled
 Parallel Workers: 8
Heap:
 PSYoungGen      total 5632K, used 5530K [0x00000000eab00000, 0x00000000eb200000, 0x0000000100000000)
  eden space 4096K, 100% used [0x00000000eab00000,0x00000000eaf00000,0x00000000eaf00000)
  from space 1536K, 93% used [0x00000000eb080000,0x00000000eb1e6880,0x00000000eb200000)
  to   space 1536K, 90% used [0x00000000eaf00000,0x00000000eb05aae8,0x00000000eb080000)
 ParOldGen       total 344064K, used 343657K [0x00000000c0000000, 0x00000000d5000000, 0x00000000eab00000)
  object space 344064K, 99% used [0x00000000c0000000,0x00000000d4f9a7a0,0x00000000d5000000)
 Metaspace       used 72386K, committed 73920K, reserved 1179648K
  class space    used 7539K, committed 8192K, reserved 1048576K
GC Heap History (20 events):
Event: 189.945 GC heap before
{Heap before GC invocations=412 (full 3):
 PSYoungGen      total 3584K, used 3264K [0x00000000eab00000, 0x00000000eaf80000, 0x0000000100000000)
  eden space 2560K, 100% used [0x00000000eab00000,0x00000000ead80000,0x00000000ead80000)
  from space 1024K, 68% used [0x00000000eae80000,0x00000000eaf30000,0x00000000eaf80000)
  to   space 1024K, 0% used [0x00000000ead80000,0x00000000ead80000,0x00000000eae80000)
 ParOldGen       total 330752K, used 330643K [0x00000000c0000000, 0x00000000d4300000, 0x00000000eab00000)
  object space 330752K, 99% used [0x00000000c0000000,0x00000000d42e4d20,0x00000000d4300000)
 Metaspace       used 72386K, committed 73920K, reserved 1179648K
  class space    used 7539K, committed 8192K, reserved 1048576K
}
Event: 189.947 GC heap after
{Heap after GC invocations=412 (full 3):
 PSYoungGen      total 3584K, used 704K [0x00000000eab00000, 0x00000000eaf80000, 0x0000000100000000)
  eden space 2560K, 0% used [0x00000000eab00000,0x00000000eab00000,0x00000000ead80000)
  from space 1024K, 68% used [0x00000000ead80000,0x00000000eae30000,0x00000000eae80000)
  to   space 1024K, 0% used [0x00000000eae80000,0x00000000eae80000,0x00000000eaf80000)
 ParOldGen       total 331264K, used 331214K [0x00000000c0000000, 0x00000000d4380000, 0x00000000eab00000)
  object space 331264K, 99% used [0x00000000c0000000,0x00000000d43739f0,0x00000000d4380000)
 Metaspace       used 72386K, committed 73920K, reserved 1179648K
  class space    used 7539K, committed 8192K, reserved 1048576K
}
Event: 189.959 GC heap before
{Heap before GC invocations=413 (full 3):
 PSYoungGen      total 3584K, used 3264K [0x00000000eab00000, 0x00000000eaf80000, 0x0000000100000000)
  eden space 2560K, 100% used [0x00000000eab00000,0x00000000ead80000,0x00000000ead80000)
  from space 1024K, 68% used [0x00000000ead80000,0x00000000eae30000,0x00000000eae80000)
  to   space 1024K, 0% used [0x00000000eae80000,0x00000000eae80000,0x00000000eaf80000)
 ParOldGen       total 331264K, used 331214K [0x00000000c0000000, 0x00000000d4380000, 0x00000000eab00000)
  object space 331264K, 99% used [0x00000000c0000000,0x00000000d43739f0,0x00000000d4380000)
 Metaspace       used 72386K, committed 73920K, reserved 1179648K
  class space    used 7539K, committed 8192K, reserved 1048576K
}
Event: 189.962 GC heap after
{Heap after GC invocations=413 (full 3):
 PSYoungGen      total 3584K, used 866K [0x00000000eab00000, 0x00000000eaf80000, 0x0000000100000000)
  eden space 2560K, 0% used [0x00000000eab00000,0x00000000eab00000,0x00000000ead80000)
  from space 1024K, 84% used [0x00000000eae80000,0x00000000eaf58ab8,0x00000000eaf80000)
  to   space 1024K, 0% used [0x00000000ead80000,0x00000000ead80000,0x00000000eae80000)
 ParOldGen       total 332288K, used 331817K [0x00000000c0000000, 0x00000000d4480000, 0x00000000eab00000)
  object space 332288K, 99% used [0x00000000c0000000,0x00000000d440a588,0x00000000d4480000)
 Metaspace       used 72386K, committed 73920K, reserved 1179648K
  class space    used 7539K, committed 8192K, reserved 1048576K
}
Event: 189.966 GC heap before
{Heap before GC invocations=414 (full 3):
 PSYoungGen      total 3584K, used 3426K [0x00000000eab00000, 0x00000000eaf80000, 0x0000000100000000)
  eden space 2560K, 100% used [0x00000000eab00000,0x00000000ead80000,0x00000000ead80000)
  from space 1024K, 84% used [0x00000000eae80000,0x00000000eaf58ab8,0x00000000eaf80000)
  to   space 1024K, 0% used [0x00000000ead80000,0x00000000ead80000,0x00000000eae80000)
 ParOldGen       total 332288K, used 331817K [0x00000000c0000000, 0x00000000d4480000, 0x00000000eab00000)
  object space 332288K, 99% used [0x00000000c0000000,0x00000000d440a588,0x00000000d4480000)
 Metaspace       used 72386K, committed 73920K, reserved 1179648K
  class space    used 7539K, committed 8192K, reserved 1048576K
}
Event: 189.968 GC heap after
{Heap after GC invocations=414 (full 3):
 PSYoungGen      total 3584K, used 994K [0x00000000eab00000, 0x00000000eb180000, 0x0000000100000000)
  eden space 2560K, 0% used [0x00000000eab00000,0x00000000eab00000,0x00000000ead80000)
  from space 1024K, 97% used [0x00000000ead80000,0x00000000eae78a30,0x00000000eae80000)
  to   space 2048K, 0% used [0x00000000eaf80000,0x00000000eaf80000,0x00000000eb180000)
 ParOldGen       total 332800K, used 332554K [0x00000000c0000000, 0x00000000d4500000, 0x00000000eab00000)
  object space 332800K, 99% used [0x00000000c0000000,0x00000000d44c2938,0x00000000d4500000)
 Metaspace       used 72386K, committed 73920K, reserved 1179648K
  class space    used 7539K, committed 8192K, reserved 1048576K
}
Event: 189.977 GC heap before
{Heap before GC invocations=415 (full 3):
 PSYoungGen      total 3584K, used 3554K [0x00000000eab00000, 0x00000000eb180000, 0x0000000100000000)
  eden space 2560K, 100% used [0x00000000eab00000,0x00000000ead80000,0x00000000ead80000)
  from space 1024K, 97% used [0x00000000ead80000,0x00000000eae78a30,0x00000000eae80000)
  to   space 2048K, 0% used [0x00000000eaf80000,0x00000000eaf80000,0x00000000eb180000)
 ParOldGen       total 332800K, used 332554K [0x00000000c0000000, 0x00000000d4500000, 0x00000000eab00000)
  object space 332800K, 99% used [0x00000000c0000000,0x00000000d44c2938,0x00000000d4500000)
 Metaspace       used 72386K, committed 73920K, reserved 1179648K
  class space    used 7539K, committed 8192K, reserved 1048576K
}
Event: 189.980 GC heap after
{Heap after GC invocations=415 (full 3):
 PSYoungGen      total 3584K, used 928K [0x00000000eab00000, 0x00000000eb080000, 0x0000000100000000)
  eden space 2560K, 0% used [0x00000000eab00000,0x00000000eab00000,0x00000000ead80000)
  from space 1024K, 90% used [0x00000000eaf80000,0x00000000eb0681b8,0x00000000eb080000)
  to   space 1536K, 0% used [0x00000000ead80000,0x00000000ead80000,0x00000000eaf00000)
 ParOldGen       total 333824K, used 333508K [0x00000000c0000000, 0x00000000d4600000, 0x00000000eab00000)
  object space 333824K, 99% used [0x00000000c0000000,0x00000000d45b1198,0x00000000d4600000)
 Metaspace       used 72386K, committed 73920K, reserved 1179648K
  class space    used 7539K, committed 8192K, reserved 1048576K
}
Event: 189.985 GC heap before
{Heap before GC invocations=416 (full 3):
 PSYoungGen      total 3584K, used 3470K [0x00000000eab00000, 0x00000000eb080000, 0x0000000100000000)
  eden space 2560K, 99% used [0x00000000eab00000,0x00000000ead7ba10,0x00000000ead80000)
  from space 1024K, 90% used [0x00000000eaf80000,0x00000000eb0681b8,0x00000000eb080000)
  to   space 1536K, 0% used [0x00000000ead80000,0x00000000ead80000,0x00000000eaf00000)
 ParOldGen       total 333824K, used 333508K [0x00000000c0000000, 0x00000000d4600000, 0x00000000eab00000)
  object space 333824K, 99% used [0x00000000c0000000,0x00000000d45b1198,0x00000000d4600000)
 Metaspace       used 72386K, committed 73920K, reserved 1179648K
  class space    used 7539K, committed 8192K, reserved 1048576K
}
Event: 189.988 GC heap after
{Heap after GC invocations=416 (full 3):
 PSYoungGen      total 4096K, used 1073K [0x00000000eab00000, 0x00000000eb100000, 0x0000000100000000)
  eden space 2560K, 0% used [0x00000000eab00000,0x00000000eab00000,0x00000000ead80000)
  from space 1536K, 69% used [0x00000000ead80000,0x00000000eae8c560,0x00000000eaf00000)
  to   space 1536K, 0% used [0x00000000eaf80000,0x00000000eaf80000,0x00000000eb100000)
 ParOldGen       total 334336K, used 334318K [0x00000000c0000000, 0x00000000d4680000, 0x00000000eab00000)
  object space 334336K, 99% used [0x00000000c0000000,0x00000000d467b9b8,0x00000000d4680000)
 Metaspace       used 72386K, committed 73920K, reserved 1179648K
  class space    used 7539K, committed 8192K, reserved 1048576K
}
Event: 189.993 GC heap before
{Heap before GC invocations=417 (full 3):
 PSYoungGen      total 4096K, used 3633K [0x00000000eab00000, 0x00000000eb100000, 0x0000000100000000)
  eden space 2560K, 100% used [0x00000000eab00000,0x00000000ead80000,0x00000000ead80000)
  from space 1536K, 69% used [0x00000000ead80000,0x00000000eae8c560,0x00000000eaf00000)
  to   space 1536K, 0% used [0x00000000eaf80000,0x00000000eaf80000,0x00000000eb100000)
 ParOldGen       total 334336K, used 334318K [0x00000000c0000000, 0x00000000d4680000, 0x00000000eab00000)
  object space 334336K, 99% used [0x00000000c0000000,0x00000000d467b9b8,0x00000000d4680000)
 Metaspace       used 72386K, committed 73920K, reserved 1179648K
  class space    used 7539K, committed 8192K, reserved 1048576K
}
Event: 189.995 GC heap after
{Heap after GC invocations=417 (full 3):
 PSYoungGen      total 4608K, used 1114K [0x00000000eab00000, 0x00000000eb100000, 0x0000000100000000)
  eden space 3072K, 0% used [0x00000000eab00000,0x00000000eab00000,0x00000000eae00000)
  from space 1536K, 72% used [0x00000000eaf80000,0x00000000eb0968e0,0x00000000eb100000)
  to   space 1536K, 0% used [0x00000000eae00000,0x00000000eae00000,0x00000000eaf80000)
 ParOldGen       total 335360K, used 335244K [0x00000000c0000000, 0x00000000d4780000, 0x00000000eab00000)
  object space 335360K, 99% used [0x00000000c0000000,0x00000000d4763040,0x00000000d4780000)
 Metaspace       used 72386K, committed 73920K, reserved 1179648K
  class space    used 7539K, committed 8192K, reserved 1048576K
}
Event: 190.000 GC heap before
{Heap before GC invocations=418 (full 3):
 PSYoungGen      total 4608K, used 4186K [0x00000000eab00000, 0x00000000eb100000, 0x0000000100000000)
  eden space 3072K, 100% used [0x00000000eab00000,0x00000000eae00000,0x00000000eae00000)
  from space 1536K, 72% used [0x00000000eaf80000,0x00000000eb0968e0,0x00000000eb100000)
  to   space 1536K, 0% used [0x00000000eae00000,0x00000000eae00000,0x00000000eaf80000)
 ParOldGen       total 335360K, used 335244K [0x00000000c0000000, 0x00000000d4780000, 0x00000000eab00000)
  object space 335360K, 99% used [0x00000000c0000000,0x00000000d4763040,0x00000000d4780000)
 Metaspace       used 72386K, committed 73920K, reserved 1179648K
  class space    used 7539K, committed 8192K, reserved 1048576K
}
Event: 190.002 GC heap after
{Heap after GC invocations=418 (full 3):
 PSYoungGen      total 4608K, used 1278K [0x00000000eab00000, 0x00000000eb200000, 0x0000000100000000)
  eden space 3072K, 0% used [0x00000000eab00000,0x00000000eab00000,0x00000000eae00000)
  from space 1536K, 83% used [0x00000000eae00000,0x00000000eaf3f930,0x00000000eaf80000)
  to   space 1536K, 0% used [0x00000000eb080000,0x00000000eb080000,0x00000000eb200000)
 ParOldGen       total 336384K, used 336235K [0x00000000c0000000, 0x00000000d4880000, 0x00000000eab00000)
  object space 336384K, 99% used [0x00000000c0000000,0x00000000d485afc0,0x00000000d4880000)
 Metaspace       used 72386K, committed 73920K, reserved 1179648K
  class space    used 7539K, committed 8192K, reserved 1048576K
}
Event: 190.008 GC heap before
{Heap before GC invocations=419 (full 3):
 PSYoungGen      total 4608K, used 4312K [0x00000000eab00000, 0x00000000eb200000, 0x0000000100000000)
  eden space 3072K, 98% used [0x00000000eab00000,0x00000000eadf69a0,0x00000000eae00000)
  from space 1536K, 83% used [0x00000000eae00000,0x00000000eaf3f930,0x00000000eaf80000)
  to   space 1536K, 0% used [0x00000000eb080000,0x00000000eb080000,0x00000000eb200000)
 ParOldGen       total 336384K, used 336235K [0x00000000c0000000, 0x00000000d4880000, 0x00000000eab00000)
  object space 336384K, 99% used [0x00000000c0000000,0x00000000d485afc0,0x00000000d4880000)
 Metaspace       used 72386K, committed 73920K, reserved 1179648K
  class space    used 7539K, committed 8192K, reserved 1048576K
}
Event: 190.011 GC heap after
{Heap after GC invocations=419 (full 3):
 PSYoungGen      total 5632K, used 1196K [0x00000000eab00000, 0x00000000eb200000, 0x0000000100000000)
  eden space 4096K, 0% used [0x00000000eab00000,0x00000000eab00000,0x00000000eaf00000)
  from space 1536K, 77% used [0x00000000eb080000,0x00000000eb1ab318,0x00000000eb200000)
  to   space 1536K, 0% used [0x00000000eaf00000,0x00000000eaf00000,0x00000000eb080000)
 ParOldGen       total 337408K, used 337386K [0x00000000c0000000, 0x00000000d4980000, 0x00000000eab00000)
  object space 337408K, 99% used [0x00000000c0000000,0x00000000d497aa80,0x00000000d4980000)
 Metaspace       used 72386K, committed 73920K, reserved 1179648K
  class space    used 7539K, committed 8192K, reserved 1048576K
}
Event: 190.020 GC heap before
{Heap before GC invocations=420 (full 3):
 PSYoungGen      total 5632K, used 5292K [0x00000000eab00000, 0x00000000eb200000, 0x0000000100000000)
  eden space 4096K, 100% used [0x00000000eab00000,0x00000000eaf00000,0x00000000eaf00000)
  from space 1536K, 77% used [0x00000000eb080000,0x00000000eb1ab318,0x00000000eb200000)
  to   space 1536K, 0% used [0x00000000eaf00000,0x00000000eaf00000,0x00000000eb080000)
 ParOldGen       total 337408K, used 337386K [0x00000000c0000000, 0x00000000d4980000, 0x00000000eab00000)
  object space 337408K, 99% used [0x00000000c0000000,0x00000000d497aa80,0x00000000d4980000)
 Metaspace       used 72386K, committed 73920K, reserved 1179648K
  class space    used 7539K, committed 8192K, reserved 1048576K
}
Event: 190.024 GC heap after
{Heap after GC invocations=420 (full 3):
 PSYoungGen      total 5632K, used 1523K [0x00000000eab00000, 0x00000000eb200000, 0x0000000100000000)
  eden space 4096K, 0% used [0x00000000eab00000,0x00000000eab00000,0x00000000eaf00000)
  from space 1536K, 99% used [0x00000000eaf00000,0x00000000eb07ce80,0x00000000eb080000)
  to   space 1536K, 0% used [0x00000000eb080000,0x00000000eb080000,0x00000000eb200000)
 ParOldGen       total 338944K, used 338629K [0x00000000c0000000, 0x00000000d4b00000, 0x00000000eab00000)
  object space 338944K, 99% used [0x00000000c0000000,0x00000000d4ab16e8,0x00000000d4b00000)
 Metaspace       used 72386K, committed 73920K, reserved 1179648K
  class space    used 7539K, committed 8192K, reserved 1048576K
}
Event: 190.036 GC heap before
{Heap before GC invocations=421 (full 3):
 PSYoungGen      total 5632K, used 5619K [0x00000000eab00000, 0x00000000eb200000, 0x0000000100000000)
  eden space 4096K, 100% used [0x00000000eab00000,0x00000000eaf00000,0x00000000eaf00000)
  from space 1536K, 99% used [0x00000000eaf00000,0x00000000eb07ce80,0x00000000eb080000)
  to   space 1536K, 0% used [0x00000000eb080000,0x00000000eb080000,0x00000000eb200000)
 ParOldGen       total 338944K, used 338629K [0x00000000c0000000, 0x00000000d4b00000, 0x00000000eab00000)
  object space 338944K, 99% used [0x00000000c0000000,0x00000000d4ab16e8,0x00000000d4b00000)
 Metaspace       used 72386K, committed 73920K, reserved 1179648K
  class space    used 7539K, committed 8192K, reserved 1048576K
}
Event: 190.039 GC heap after
{Heap after GC invocations=421 (full 3):
 PSYoungGen      total 5632K, used 1235K [0x00000000eab00000, 0x00000000eb200000, 0x0000000100000000)
  eden space 4096K, 0% used [0x00000000eab00000,0x00000000eab00000,0x00000000eaf00000)
  from space 1536K, 80% used [0x00000000eb080000,0x00000000eb1b4f08,0x00000000eb200000)
  to   space 1536K, 0% used [0x00000000eaf00000,0x00000000eaf00000,0x00000000eb080000)
 ParOldGen       total 340480K, used 340010K [0x00000000c0000000, 0x00000000d4c80000, 0x00000000eab00000)
  object space 340480K, 99% used [0x00000000c0000000,0x00000000d4c0aa80,0x00000000d4c80000)
 Metaspace       used 72386K, committed 73920K, reserved 1179648K
  class space    used 7539K, committed 8192K, reserved 1048576K
}

