# JRE version: OpenJDK Runtime Environment Temurin-21.0.6+7 (21.0.6+7) (build 21.0.6+7-LTS)
# Java VM: OpenJDK 64-Bit Server VM Temurin-21.0.6+7 (21.0.6+7-LTS, mixed mode, sharing, tiered, compressed oops, compressed class ptrs, parallel gc, windows-amd64)
GC Precious Log:
 CardTable entry size: 512
 CPUs: 8 total, 8 available
 Memory: 3429M
 Large Page Support: Disabled
 NUMA Support: Disabled
 Compressed Oops: Enabled (32-bit)
 Alignments: Space 512K, Generation 512K, Heap 2M
 Heap Min Capacity: 100M
 Heap Initial Capacity: 100M
 Heap Max Capacity: 1G
 Pre-touch: Disabled
 Parallel Workers: 8
Heap:
 PSYoungGen      total 11264K, used 10113K [0x00000000eab00000, 0x00000000eb780000, 0x0000000100000000)
  eden space 9728K, 88% used [0x00000000eab00000,0x00000000eb362478,0x00000000eb480000)
  from space 1536K, 99% used [0x00000000eb480000,0x00000000eb5fdfd0,0x00000000eb600000)
  to   space 1536K, 0% used [0x00000000eb600000,0x00000000eb600000,0x00000000eb780000)
 ParOldGen       total 408576K, used 408079K [0x00000000c0000000, 0x00000000d8f00000, 0x00000000eab00000)
  object space 408576K, 99% used [0x00000000c0000000,0x00000000d8e83fb0,0x00000000d8f00000)
 Metaspace       used 62314K, committed 63808K, reserved 1114112K
  class space    used 6464K, committed 7168K, reserved 1048576K
GC Heap History (20 events):
Event: 20.893 GC heap before
{Heap before GC invocations=471 (full 3):
 PSYoungGen      total 12800K, used 12480K [0x00000000eab00000, 0x00000000eb980000, 0x0000000100000000)
  eden space 10752K, 100% used [0x00000000eab00000,0x00000000eb580000,0x00000000eb580000)
  from space 2048K, 84% used [0x00000000eb580000,0x00000000eb730000,0x00000000eb780000)
  to   space 2048K, 0% used [0x00000000eb780000,0x00000000eb780000,0x00000000eb980000)
 ParOldGen       total 391168K, used 390791K [0x00000000c0000000, 0x00000000d7e00000, 0x00000000eab00000)
  object space 391168K, 99% used [0x00000000c0000000,0x00000000d7da1db8,0x00000000d7e00000)
 Metaspace       used 62314K, committed 63808K, reserved 1114112K
  class space    used 6464K, committed 7168K, reserved 1048576K
}
Event: 20.895 GC heap after
{Heap after GC invocations=471 (full 3):
 PSYoungGen      total 12800K, used 1601K [0x00000000eab00000, 0x00000000eb980000, 0x0000000100000000)
  eden space 10752K, 0% used [0x00000000eab00000,0x00000000eab00000,0x00000000eb580000)
  from space 2048K, 78% used [0x00000000eb780000,0x00000000eb9104d8,0x00000000eb980000)
  to   space 2048K, 0% used [0x00000000eb580000,0x00000000eb580000,0x00000000eb780000)
 ParOldGen       total 392704K, used 392333K [0x00000000c0000000, 0x00000000d7f80000, 0x00000000eab00000)
  object space 392704K, 99% used [0x00000000c0000000,0x00000000d7f237d8,0x00000000d7f80000)
 Metaspace       used 62314K, committed 63808K, reserved 1114112K
  class space    used 6464K, committed 7168K, reserved 1048576K
}
Event: 20.914 GC heap before
{Heap before GC invocations=472 (full 3):
 PSYoungGen      total 12800K, used 12296K [0x00000000eab00000, 0x00000000eb980000, 0x0000000100000000)
  eden space 10752K, 99% used [0x00000000eab00000,0x00000000eb571c80,0x00000000eb580000)
  from space 2048K, 78% used [0x00000000eb780000,0x00000000eb9104d8,0x00000000eb980000)
  to   space 2048K, 0% used [0x00000000eb580000,0x00000000eb580000,0x00000000eb780000)
 ParOldGen       total 392704K, used 392333K [0x00000000c0000000, 0x00000000d7f80000, 0x00000000eab00000)
  object space 392704K, 99% used [0x00000000c0000000,0x00000000d7f237d8,0x00000000d7f80000)
 Metaspace       used 62314K, committed 63808K, reserved 1114112K
  class space    used 6464K, committed 7168K, reserved 1048576K
}
Event: 20.916 GC heap after
{Heap after GC invocations=472 (full 3):
 PSYoungGen      total 12800K, used 1504K [0x00000000eab00000, 0x00000000eb980000, 0x0000000100000000)
  eden space 10752K, 0% used [0x00000000eab00000,0x00000000eab00000,0x00000000eb580000)
  from space 2048K, 73% used [0x00000000eb580000,0x00000000eb6f80e0,0x00000000eb780000)
  to   space 2048K, 0% used [0x00000000eb780000,0x00000000eb780000,0x00000000eb980000)
 ParOldGen       total 394240K, used 393797K [0x00000000c0000000, 0x00000000d8100000, 0x00000000eab00000)
  object space 394240K, 99% used [0x00000000c0000000,0x00000000d80917d8,0x00000000d8100000)
 Metaspace       used 62314K, committed 63808K, reserved 1114112K
  class space    used 6464K, committed 7168K, reserved 1048576K
}
Event: 20.934 GC heap before
{Heap before GC invocations=473 (full 3):
 PSYoungGen      total 12800K, used 12256K [0x00000000eab00000, 0x00000000eb980000, 0x0000000100000000)
  eden space 10752K, 100% used [0x00000000eab00000,0x00000000eb580000,0x00000000eb580000)
  from space 2048K, 73% used [0x00000000eb580000,0x00000000eb6f80e0,0x00000000eb780000)
  to   space 2048K, 0% used [0x00000000eb780000,0x00000000eb780000,0x00000000eb980000)
 ParOldGen       total 394240K, used 393797K [0x00000000c0000000, 0x00000000d8100000, 0x00000000eab00000)
  object space 394240K, 99% used [0x00000000c0000000,0x00000000d80917d8,0x00000000d8100000)
 Metaspace       used 62314K, committed 63808K, reserved 1114112K
  class space    used 6464K, committed 7168K, reserved 1048576K
}
Event: 20.937 GC heap after
{Heap after GC invocations=473 (full 3):
 PSYoungGen      total 12288K, used 1456K [0x00000000eab00000, 0x00000000eb900000, 0x0000000100000000)
  eden space 10752K, 0% used [0x00000000eab00000,0x00000000eab00000,0x00000000eb580000)
  from space 1536K, 94% used [0x00000000eb780000,0x00000000eb8ec010,0x00000000eb900000)
  to   space 1536K, 0% used [0x00000000eb600000,0x00000000eb600000,0x00000000eb780000)
 ParOldGen       total 395264K, used 394925K [0x00000000c0000000, 0x00000000d8200000, 0x00000000eab00000)
  object space 395264K, 99% used [0x00000000c0000000,0x00000000d81ab7d8,0x00000000d8200000)
 Metaspace       used 62314K, committed 63808K, reserved 1114112K
  class space    used 6464K, committed 7168K, reserved 1048576K
}
Event: 20.958 GC heap before
{Heap before GC invocations=474 (full 3):
 PSYoungGen      total 12288K, used 12208K [0x00000000eab00000, 0x00000000eb900000, 0x0000000100000000)
  eden space 10752K, 100% used [0x00000000eab00000,0x00000000eb580000,0x00000000eb580000)
  from space 1536K, 94% used [0x00000000eb780000,0x00000000eb8ec010,0x00000000eb900000)
  to   space 1536K, 0% used [0x00000000eb600000,0x00000000eb600000,0x00000000eb780000)
 ParOldGen       total 395264K, used 394925K [0x00000000c0000000, 0x00000000d8200000, 0x00000000eab00000)
  object space 395264K, 99% used [0x00000000c0000000,0x00000000d81ab7d8,0x00000000d8200000)
 Metaspace       used 62314K, committed 63808K, reserved 1114112K
  class space    used 6464K, committed 7168K, reserved 1048576K
}
Event: 20.960 GC heap after
{Heap after GC invocations=474 (full 3):
 PSYoungGen      total 12288K, used 1408K [0x00000000eab00000, 0x00000000eb880000, 0x0000000100000000)
  eden space 10752K, 0% used [0x00000000eab00000,0x00000000eab00000,0x00000000eb580000)
  from space 1536K, 91% used [0x00000000eb600000,0x00000000eb760000,0x00000000eb780000)
  to   space 1024K, 0% used [0x00000000eb780000,0x00000000eb780000,0x00000000eb880000)
 ParOldGen       total 396288K, used 396222K [0x00000000c0000000, 0x00000000d8300000, 0x00000000eab00000)
  object space 396288K, 99% used [0x00000000c0000000,0x00000000d82efbe8,0x00000000d8300000)
 Metaspace       used 62314K, committed 63808K, reserved 1114112K
  class space    used 6464K, committed 7168K, reserved 1048576K
}
Event: 20.979 GC heap before
{Heap before GC invocations=475 (full 3):
 PSYoungGen      total 12288K, used 12160K [0x00000000eab00000, 0x00000000eb880000, 0x0000000100000000)
  eden space 10752K, 100% used [0x00000000eab00000,0x00000000eb580000,0x00000000eb580000)
  from space 1536K, 91% used [0x00000000eb600000,0x00000000eb760000,0x00000000eb780000)
  to   space 1024K, 0% used [0x00000000eb780000,0x00000000eb780000,0x00000000eb880000)
 ParOldGen       total 396288K, used 396222K [0x00000000c0000000, 0x00000000d8300000, 0x00000000eab00000)
  object space 396288K, 99% used [0x00000000c0000000,0x00000000d82efbe8,0x00000000d8300000)
 Metaspace       used 62314K, committed 63808K, reserved 1114112K
  class space    used 6464K, committed 7168K, reserved 1048576K
}
Event: 20.981 GC heap after
{Heap after GC invocations=475 (full 3):
 PSYoungGen      total 10752K, used 1024K [0x00000000eab00000, 0x00000000ebb80000, 0x0000000100000000)
  eden space 9728K, 0% used [0x00000000eab00000,0x00000000eab00000,0x00000000eb480000)
  from space 1024K, 100% used [0x00000000eb780000,0x00000000eb880000,0x00000000eb880000)
  to   space 3072K, 0% used [0x00000000eb480000,0x00000000eb480000,0x00000000eb780000)
 ParOldGen       total 397824K, used 397598K [0x00000000c0000000, 0x00000000d8480000, 0x00000000eab00000)
  object space 397824K, 99% used [0x00000000c0000000,0x00000000d8447be8,0x00000000d8480000)
 Metaspace       used 62314K, committed 63808K, reserved 1114112K
  class space    used 6464K, committed 7168K, reserved 1048576K
}
Event: 20.999 GC heap before
{Heap before GC invocations=476 (full 3):
 PSYoungGen      total 10752K, used 10752K [0x00000000eab00000, 0x00000000ebb80000, 0x0000000100000000)
  eden space 9728K, 100% used [0x00000000eab00000,0x00000000eb480000,0x00000000eb480000)
  from space 1024K, 100% used [0x00000000eb780000,0x00000000eb880000,0x00000000eb880000)
  to   space 3072K, 0% used [0x00000000eb480000,0x00000000eb480000,0x00000000eb780000)
 ParOldGen       total 397824K, used 397598K [0x00000000c0000000, 0x00000000d8480000, 0x00000000eab00000)
  object space 397824K, 99% used [0x00000000c0000000,0x00000000d8447be8,0x00000000d8480000)
 Metaspace       used 62314K, committed 63808K, reserved 1114112K
  class space    used 6464K, committed 7168K, reserved 1048576K
}
Event: 21.002 GC heap after
{Heap after GC invocations=476 (full 3):
 PSYoungGen      total 11264K, used 1152K [0x00000000eab00000, 0x00000000eb880000, 0x0000000100000000)
  eden space 9728K, 0% used [0x00000000eab00000,0x00000000eab00000,0x00000000eb480000)
  from space 1536K, 75% used [0x00000000eb480000,0x00000000eb5a0000,0x00000000eb600000)
  to   space 2048K, 0% used [0x00000000eb680000,0x00000000eb680000,0x00000000eb880000)
 ParOldGen       total 398848K, used 398622K [0x00000000c0000000, 0x00000000d8580000, 0x00000000eab00000)
  object space 398848K, 99% used [0x00000000c0000000,0x00000000d8547be8,0x00000000d8580000)
 Metaspace       used 62314K, committed 63808K, reserved 1114112K
  class space    used 6464K, committed 7168K, reserved 1048576K
}
Event: 21.022 GC heap before
{Heap before GC invocations=477 (full 3):
 PSYoungGen      total 11264K, used 10880K [0x00000000eab00000, 0x00000000eb880000, 0x0000000100000000)
  eden space 9728K, 100% used [0x00000000eab00000,0x00000000eb480000,0x00000000eb480000)
  from space 1536K, 75% used [0x00000000eb480000,0x00000000eb5a0000,0x00000000eb600000)
  to   space 2048K, 0% used [0x00000000eb680000,0x00000000eb680000,0x00000000eb880000)
 ParOldGen       total 398848K, used 398622K [0x00000000c0000000, 0x00000000d8580000, 0x00000000eab00000)
  object space 398848K, 99% used [0x00000000c0000000,0x00000000d8547be8,0x00000000d8580000)
 Metaspace       used 62314K, committed 63808K, reserved 1114112K
  class space    used 6464K, committed 7168K, reserved 1048576K
}
Event: 21.025 GC heap after
{Heap after GC invocations=477 (full 3):
 PSYoungGen      total 11264K, used 1248K [0x00000000eab00000, 0x00000000eb800000, 0x0000000100000000)
  eden space 9728K, 0% used [0x00000000eab00000,0x00000000eab00000,0x00000000eb480000)
  from space 1536K, 81% used [0x00000000eb680000,0x00000000eb7b8000,0x00000000eb800000)
  to   space 1536K, 0% used [0x00000000eb480000,0x00000000eb480000,0x00000000eb600000)
 ParOldGen       total 399872K, used 399686K [0x00000000c0000000, 0x00000000d8680000, 0x00000000eab00000)
  object space 399872K, 99% used [0x00000000c0000000,0x00000000d8651be8,0x00000000d8680000)
 Metaspace       used 62314K, committed 63808K, reserved 1114112K
  class space    used 6464K, committed 7168K, reserved 1048576K
}
Event: 21.042 GC heap before
{Heap before GC invocations=478 (full 3):
 PSYoungGen      total 11264K, used 10976K [0x00000000eab00000, 0x00000000eb800000, 0x0000000100000000)
  eden space 9728K, 100% used [0x00000000eab00000,0x00000000eb480000,0x00000000eb480000)
  from space 1536K, 81% used [0x00000000eb680000,0x00000000eb7b8000,0x00000000eb800000)
  to   space 1536K, 0% used [0x00000000eb480000,0x00000000eb480000,0x00000000eb600000)
 ParOldGen       total 399872K, used 399686K [0x00000000c0000000, 0x00000000d8680000, 0x00000000eab00000)
  object space 399872K, 99% used [0x00000000c0000000,0x00000000d8651be8,0x00000000d8680000)
 Metaspace       used 62314K, committed 63808K, reserved 1114112K
  class space    used 6464K, committed 7168K, reserved 1048576K
}
Event: 21.044 GC heap after
{Heap after GC invocations=478 (full 3):
 PSYoungGen      total 11264K, used 1056K [0x00000000eab00000, 0x00000000eb780000, 0x0000000100000000)
  eden space 9728K, 0% used [0x00000000eab00000,0x00000000eab00000,0x00000000eb480000)
  from space 1536K, 68% used [0x00000000eb480000,0x00000000eb588000,0x00000000eb600000)
  to   space 1536K, 0% used [0x00000000eb600000,0x00000000eb600000,0x00000000eb780000)
 ParOldGen       total 400896K, used 400798K [0x00000000c0000000, 0x00000000d8780000, 0x00000000eab00000)
  object space 400896K, 99% used [0x00000000c0000000,0x00000000d8767be8,0x00000000d8780000)
 Metaspace       used 62314K, committed 63808K, reserved 1114112K
  class space    used 6464K, committed 7168K, reserved 1048576K
}
Event: 21.072 GC heap before
{Heap before GC invocations=479 (full 3):
 PSYoungGen      total 11264K, used 10784K [0x00000000eab00000, 0x00000000eb780000, 0x0000000100000000)
  eden space 9728K, 100% used [0x00000000eab00000,0x00000000eb480000,0x00000000eb480000)
  from space 1536K, 68% used [0x00000000eb480000,0x00000000eb588000,0x00000000eb600000)
  to   space 1536K, 0% used [0x00000000eb600000,0x00000000eb600000,0x00000000eb780000)
 ParOldGen       total 400896K, used 400798K [0x00000000c0000000, 0x00000000d8780000, 0x00000000eab00000)
  object space 400896K, 99% used [0x00000000c0000000,0x00000000d8767be8,0x00000000d8780000)
 Metaspace       used 62314K, committed 63808K, reserved 1114112K
  class space    used 6464K, committed 7168K, reserved 1048576K
}
Event: 21.075 GC heap after
{Heap after GC invocations=479 (full 3):
 PSYoungGen      total 11264K, used 1432K [0x00000000eab00000, 0x00000000eb780000, 0x0000000100000000)
  eden space 9728K, 0% used [0x00000000eab00000,0x00000000eab00000,0x00000000eb480000)
  from space 1536K, 93% used [0x00000000eb600000,0x00000000eb766010,0x00000000eb780000)
  to   space 1536K, 0% used [0x00000000eb480000,0x00000000eb480000,0x00000000eb600000)
 ParOldGen       total 401920K, used 401702K [0x00000000c0000000, 0x00000000d8880000, 0x00000000eab00000)
  object space 401920K, 99% used [0x00000000c0000000,0x00000000d8849be8,0x00000000d8880000)
 Metaspace       used 62314K, committed 63808K, reserved 1114112K
  class space    used 6464K, committed 7168K, reserved 1048576K
}
Event: 21.210 GC heap before
{Heap before GC invocations=480 (full 3):
 PSYoungGen      total 11264K, used 11160K [0x00000000eab00000, 0x00000000eb780000, 0x0000000100000000)
  eden space 9728K, 100% used [0x00000000eab00000,0x00000000eb480000,0x00000000eb480000)
  from space 1536K, 93% used [0x00000000eb600000,0x00000000eb766010,0x00000000eb780000)
  to   space 1536K, 0% used [0x00000000eb480000,0x00000000eb480000,0x00000000eb600000)
 ParOldGen       total 401920K, used 401702K [0x00000000c0000000, 0x00000000d8880000, 0x00000000eab00000)
  object space 401920K, 99% used [0x00000000c0000000,0x00000000d8849be8,0x00000000d8880000)
 Metaspace       used 62314K, committed 63808K, reserved 1114112K
  class space    used 6464K, committed 7168K, reserved 1048576K
}
Event: 21.217 GC heap after
{Heap after GC invocations=480 (full 3):
 PSYoungGen      total 11264K, used 1527K [0x00000000eab00000, 0x00000000eb780000, 0x0000000100000000)
  eden space 9728K, 0% used [0x00000000eab00000,0x00000000eab00000,0x00000000eb480000)
  from space 1536K, 99% used [0x00000000eb480000,0x00000000eb5fdfd0,0x00000000eb600000)
  to   space 1536K, 0% used [0x00000000eb600000,0x00000000eb600000,0x00000000eb780000)
 ParOldGen       total 408576K, used 408079K [0x00000000c0000000, 0x00000000d8f00000, 0x00000000eab00000)
  object space 408576K, 99% used [0x00000000c0000000,0x00000000d8e83fb0,0x00000000d8f00000)
 Metaspace       used 62314K, committed 63808K, reserved 1114112K
  class space    used 6464K, committed 7168K, reserved 1048576K
}

