# JRE version: OpenJDK Runtime Environment Temurin-21.0.6+7 (21.0.6+7) (build 21.0.6+7-LTS)
# Java VM: OpenJDK 64-Bit Server VM Temurin-21.0.6+7 (21.0.6+7-LTS, mixed mode, sharing, tiered, compressed oops, compressed class ptrs, parallel gc, windows-amd64)
GC Precious Log:
 CardTable entry size: 512
 CPUs: 8 total, 8 available
 Memory: 3429M
 Large Page Support: Disabled
 NUMA Support: Disabled
 Compressed Oops: Enabled (32-bit)
 Alignments: Space 512K, Generation 512K, Heap 2M
 Heap Min Capacity: 100M
 Heap Initial Capacity: 100M
 Heap Max Capacity: 1G
 Pre-touch: Disabled
 Parallel Workers: 8
Heap:
 PSYoungGen      total 20992K, used 12945K [0x00000000eab00000, 0x00000000ec180000, 0x0000000100000000)
  eden space 18944K, 68% used [0x00000000eab00000,0x00000000eb7a44a8,0x00000000ebd80000)
  from space 2048K, 0% used [0x00000000ebd80000,0x00000000ebd80000,0x00000000ebf80000)
  to   space 2048K, 0% used [0x00000000ebf80000,0x00000000ebf80000,0x00000000ec180000)
 ParOldGen       total 78848K, used 58466K [0x00000000c0000000, 0x00000000c4d00000, 0x00000000eab00000)
  object space 78848K, 74% used [0x00000000c0000000,0x00000000c3918b48,0x00000000c4d00000)
 Metaspace       used 70865K, committed 72384K, reserved 1114112K
  class space    used 7399K, committed 8064K, reserved 1048576K
GC Heap History (20 events):
Event: 42.138 GC heap before
{Heap before GC invocations=70 (full 3):
 PSYoungGen      total 19456K, used 19456K [0x00000000eab00000, 0x00000000ebf80000, 0x0000000100000000)
  eden space 18944K, 100% used [0x00000000eab00000,0x00000000ebd80000,0x00000000ebd80000)
  from space 512K, 100% used [0x00000000ebf00000,0x00000000ebf80000,0x00000000ebf80000)
  to   space 1024K, 0% used [0x00000000ebd80000,0x00000000ebd80000,0x00000000ebe80000)
 ParOldGen       total 72704K, used 72614K [0x00000000c0000000, 0x00000000c4700000, 0x00000000eab00000)
  object space 72704K, 99% used [0x00000000c0000000,0x00000000c46e9a38,0x00000000c4700000)
 Metaspace       used 69954K, committed 71488K, reserved 1114112K
  class space    used 7341K, committed 8000K, reserved 1048576K
}
Event: 42.139 GC heap after
{Heap after GC invocations=70 (full 3):
 PSYoungGen      total 19968K, used 576K [0x00000000eab00000, 0x00000000ebf80000, 0x0000000100000000)
  eden space 18944K, 0% used [0x00000000eab00000,0x00000000eab00000,0x00000000ebd80000)
  from space 1024K, 56% used [0x00000000ebd80000,0x00000000ebe10000,0x00000000ebe80000)
  to   space 1024K, 0% used [0x00000000ebe80000,0x00000000ebe80000,0x00000000ebf80000)
 ParOldGen       total 73216K, used 72990K [0x00000000c0000000, 0x00000000c4780000, 0x00000000eab00000)
  object space 73216K, 99% used [0x00000000c0000000,0x00000000c4747a38,0x00000000c4780000)
 Metaspace       used 69954K, committed 71488K, reserved 1114112K
  class space    used 7341K, committed 8000K, reserved 1048576K
}
Event: 42.173 GC heap before
{Heap before GC invocations=71 (full 3):
 PSYoungGen      total 19968K, used 19520K [0x00000000eab00000, 0x00000000ebf80000, 0x0000000100000000)
  eden space 18944K, 100% used [0x00000000eab00000,0x00000000ebd80000,0x00000000ebd80000)
  from space 1024K, 56% used [0x00000000ebd80000,0x00000000ebe10000,0x00000000ebe80000)
  to   space 1024K, 0% used [0x00000000ebe80000,0x00000000ebe80000,0x00000000ebf80000)
 ParOldGen       total 73216K, used 72990K [0x00000000c0000000, 0x00000000c4780000, 0x00000000eab00000)
  object space 73216K, 99% used [0x00000000c0000000,0x00000000c4747a38,0x00000000c4780000)
 Metaspace       used 69959K, committed 71488K, reserved 1114112K
  class space    used 7341K, committed 8000K, reserved 1048576K
}
Event: 42.175 GC heap after
{Heap after GC invocations=71 (full 3):
 PSYoungGen      total 19968K, used 608K [0x00000000eab00000, 0x00000000ebf80000, 0x0000000100000000)
  eden space 18944K, 0% used [0x00000000eab00000,0x00000000eab00000,0x00000000ebd80000)
  from space 1024K, 59% used [0x00000000ebe80000,0x00000000ebf18000,0x00000000ebf80000)
  to   space 1024K, 0% used [0x00000000ebd80000,0x00000000ebd80000,0x00000000ebe80000)
 ParOldGen       total 73728K, used 73374K [0x00000000c0000000, 0x00000000c4800000, 0x00000000eab00000)
  object space 73728K, 99% used [0x00000000c0000000,0x00000000c47a7a38,0x00000000c4800000)
 Metaspace       used 69959K, committed 71488K, reserved 1114112K
  class space    used 7341K, committed 8000K, reserved 1048576K
}
Event: 42.231 GC heap before
{Heap before GC invocations=72 (full 3):
 PSYoungGen      total 19968K, used 19552K [0x00000000eab00000, 0x00000000ebf80000, 0x0000000100000000)
  eden space 18944K, 100% used [0x00000000eab00000,0x00000000ebd80000,0x00000000ebd80000)
  from space 1024K, 59% used [0x00000000ebe80000,0x00000000ebf18000,0x00000000ebf80000)
  to   space 1024K, 0% used [0x00000000ebd80000,0x00000000ebd80000,0x00000000ebe80000)
 ParOldGen       total 73728K, used 73374K [0x00000000c0000000, 0x00000000c4800000, 0x00000000eab00000)
  object space 73728K, 99% used [0x00000000c0000000,0x00000000c47a7a38,0x00000000c4800000)
 Metaspace       used 69963K, committed 71488K, reserved 1114112K
  class space    used 7341K, committed 8000K, reserved 1048576K
}
Event: 42.232 GC heap after
{Heap after GC invocations=72 (full 3):
 PSYoungGen      total 19968K, used 512K [0x00000000eab00000, 0x00000000ebf80000, 0x0000000100000000)
  eden space 18944K, 0% used [0x00000000eab00000,0x00000000eab00000,0x00000000ebd80000)
  from space 1024K, 50% used [0x00000000ebd80000,0x00000000ebe00000,0x00000000ebe80000)
  to   space 1024K, 0% used [0x00000000ebe80000,0x00000000ebe80000,0x00000000ebf80000)
 ParOldGen       total 74240K, used 73846K [0x00000000c0000000, 0x00000000c4880000, 0x00000000eab00000)
  object space 74240K, 99% used [0x00000000c0000000,0x00000000c481da38,0x00000000c4880000)
 Metaspace       used 69963K, committed 71488K, reserved 1114112K
  class space    used 7341K, committed 8000K, reserved 1048576K
}
Event: 42.276 GC heap before
{Heap before GC invocations=73 (full 3):
 PSYoungGen      total 19968K, used 19456K [0x00000000eab00000, 0x00000000ebf80000, 0x0000000100000000)
  eden space 18944K, 100% used [0x00000000eab00000,0x00000000ebd80000,0x00000000ebd80000)
  from space 1024K, 50% used [0x00000000ebd80000,0x00000000ebe00000,0x00000000ebe80000)
  to   space 1024K, 0% used [0x00000000ebe80000,0x00000000ebe80000,0x00000000ebf80000)
 ParOldGen       total 74240K, used 73846K [0x00000000c0000000, 0x00000000c4880000, 0x00000000eab00000)
  object space 74240K, 99% used [0x00000000c0000000,0x00000000c481da38,0x00000000c4880000)
 Metaspace       used 69970K, committed 71488K, reserved 1114112K
  class space    used 7342K, committed 8000K, reserved 1048576K
}
Event: 42.278 GC heap after
{Heap after GC invocations=73 (full 3):
 PSYoungGen      total 19456K, used 480K [0x00000000eab00000, 0x00000000ebf00000, 0x0000000100000000)
  eden space 18944K, 0% used [0x00000000eab00000,0x00000000eab00000,0x00000000ebd80000)
  from space 512K, 93% used [0x00000000ebe80000,0x00000000ebef8000,0x00000000ebf00000)
  to   space 512K, 0% used [0x00000000ebe00000,0x00000000ebe00000,0x00000000ebe80000)
 ParOldGen       total 74240K, used 74238K [0x00000000c0000000, 0x00000000c4880000, 0x00000000eab00000)
  object space 74240K, 99% used [0x00000000c0000000,0x00000000c487fa38,0x00000000c4880000)
 Metaspace       used 69970K, committed 71488K, reserved 1114112K
  class space    used 7342K, committed 8000K, reserved 1048576K
}
Event: 42.308 GC heap before
{Heap before GC invocations=74 (full 3):
 PSYoungGen      total 19456K, used 19424K [0x00000000eab00000, 0x00000000ebf00000, 0x0000000100000000)
  eden space 18944K, 100% used [0x00000000eab00000,0x00000000ebd80000,0x00000000ebd80000)
  from space 512K, 93% used [0x00000000ebe80000,0x00000000ebef8000,0x00000000ebf00000)
  to   space 512K, 0% used [0x00000000ebe00000,0x00000000ebe00000,0x00000000ebe80000)
 ParOldGen       total 74240K, used 74238K [0x00000000c0000000, 0x00000000c4880000, 0x00000000eab00000)
  object space 74240K, 99% used [0x00000000c0000000,0x00000000c487fa38,0x00000000c4880000)
 Metaspace       used 69982K, committed 71488K, reserved 1114112K
  class space    used 7342K, committed 8000K, reserved 1048576K
}
Event: 42.309 GC heap after
{Heap after GC invocations=74 (full 3):
 PSYoungGen      total 19456K, used 512K [0x00000000eab00000, 0x00000000ebf80000, 0x0000000100000000)
  eden space 18944K, 0% used [0x00000000eab00000,0x00000000eab00000,0x00000000ebd80000)
  from space 512K, 100% used [0x00000000ebe00000,0x00000000ebe80000,0x00000000ebe80000)
  to   space 1024K, 0% used [0x00000000ebe80000,0x00000000ebe80000,0x00000000ebf80000)
 ParOldGen       total 74752K, used 74654K [0x00000000c0000000, 0x00000000c4900000, 0x00000000eab00000)
  object space 74752K, 99% used [0x00000000c0000000,0x00000000c48e7a38,0x00000000c4900000)
 Metaspace       used 69982K, committed 71488K, reserved 1114112K
  class space    used 7342K, committed 8000K, reserved 1048576K
}
Event: 42.347 GC heap before
{Heap before GC invocations=75 (full 3):
 PSYoungGen      total 19456K, used 19456K [0x00000000eab00000, 0x00000000ebf80000, 0x0000000100000000)
  eden space 18944K, 100% used [0x00000000eab00000,0x00000000ebd80000,0x00000000ebd80000)
  from space 512K, 100% used [0x00000000ebe00000,0x00000000ebe80000,0x00000000ebe80000)
  to   space 1024K, 0% used [0x00000000ebe80000,0x00000000ebe80000,0x00000000ebf80000)
 ParOldGen       total 74752K, used 74654K [0x00000000c0000000, 0x00000000c4900000, 0x00000000eab00000)
  object space 74752K, 99% used [0x00000000c0000000,0x00000000c48e7a38,0x00000000c4900000)
 Metaspace       used 69986K, committed 71488K, reserved 1114112K
  class space    used 7342K, committed 8000K, reserved 1048576K
}
Event: 42.349 GC heap after
{Heap after GC invocations=75 (full 3):
 PSYoungGen      total 19968K, used 480K [0x00000000eab00000, 0x00000000ebf80000, 0x0000000100000000)
  eden space 18944K, 0% used [0x00000000eab00000,0x00000000eab00000,0x00000000ebd80000)
  from space 1024K, 46% used [0x00000000ebe80000,0x00000000ebef8000,0x00000000ebf80000)
  to   space 1024K, 0% used [0x00000000ebd80000,0x00000000ebd80000,0x00000000ebe80000)
 ParOldGen       total 75264K, used 75078K [0x00000000c0000000, 0x00000000c4980000, 0x00000000eab00000)
  object space 75264K, 99% used [0x00000000c0000000,0x00000000c4951a38,0x00000000c4980000)
 Metaspace       used 69986K, committed 71488K, reserved 1114112K
  class space    used 7342K, committed 8000K, reserved 1048576K
}
Event: 42.409 GC heap before
{Heap before GC invocations=76 (full 3):
 PSYoungGen      total 19968K, used 19424K [0x00000000eab00000, 0x00000000ebf80000, 0x0000000100000000)
  eden space 18944K, 100% used [0x00000000eab00000,0x00000000ebd80000,0x00000000ebd80000)
  from space 1024K, 46% used [0x00000000ebe80000,0x00000000ebef8000,0x00000000ebf80000)
  to   space 1024K, 0% used [0x00000000ebd80000,0x00000000ebd80000,0x00000000ebe80000)
 ParOldGen       total 75264K, used 75078K [0x00000000c0000000, 0x00000000c4980000, 0x00000000eab00000)
  object space 75264K, 99% used [0x00000000c0000000,0x00000000c4951a38,0x00000000c4980000)
 Metaspace       used 69991K, committed 71488K, reserved 1114112K
  class space    used 7342K, committed 8000K, reserved 1048576K
}
Event: 42.411 GC heap after
{Heap after GC invocations=76 (full 3):
 PSYoungGen      total 19968K, used 1008K [0x00000000eab00000, 0x00000000ec180000, 0x0000000100000000)
  eden space 18944K, 0% used [0x00000000eab00000,0x00000000eab00000,0x00000000ebd80000)
  from space 1024K, 98% used [0x00000000ebd80000,0x00000000ebe7c000,0x00000000ebe80000)
  to   space 2048K, 0% used [0x00000000ebf80000,0x00000000ebf80000,0x00000000ec180000)
 ParOldGen       total 75776K, used 75606K [0x00000000c0000000, 0x00000000c4a00000, 0x00000000eab00000)
  object space 75776K, 99% used [0x00000000c0000000,0x00000000c49d5a38,0x00000000c4a00000)
 Metaspace       used 69991K, committed 71488K, reserved 1114112K
  class space    used 7342K, committed 8000K, reserved 1048576K
}
Event: 42.491 GC heap before
{Heap before GC invocations=77 (full 3):
 PSYoungGen      total 19968K, used 19952K [0x00000000eab00000, 0x00000000ec180000, 0x0000000100000000)
  eden space 18944K, 100% used [0x00000000eab00000,0x00000000ebd80000,0x00000000ebd80000)
  from space 1024K, 98% used [0x00000000ebd80000,0x00000000ebe7c000,0x00000000ebe80000)
  to   space 2048K, 0% used [0x00000000ebf80000,0x00000000ebf80000,0x00000000ec180000)
 ParOldGen       total 75776K, used 75606K [0x00000000c0000000, 0x00000000c4a00000, 0x00000000eab00000)
  object space 75776K, 99% used [0x00000000c0000000,0x00000000c49d5a38,0x00000000c4a00000)
 Metaspace       used 70153K, committed 71680K, reserved 1114112K
  class space    used 7371K, committed 8064K, reserved 1048576K
}
Event: 42.495 GC heap after
{Heap after GC invocations=77 (full 3):
 PSYoungGen      total 20992K, used 1616K [0x00000000eab00000, 0x00000000ec180000, 0x0000000100000000)
  eden space 18944K, 0% used [0x00000000eab00000,0x00000000eab00000,0x00000000ebd80000)
  from space 2048K, 78% used [0x00000000ebf80000,0x00000000ec114010,0x00000000ec180000)
  to   space 2048K, 0% used [0x00000000ebd80000,0x00000000ebd80000,0x00000000ebf80000)
 ParOldGen       total 77312K, used 76638K [0x00000000c0000000, 0x00000000c4b80000, 0x00000000eab00000)
  object space 77312K, 99% used [0x00000000c0000000,0x00000000c4ad7a38,0x00000000c4b80000)
 Metaspace       used 70153K, committed 71680K, reserved 1114112K
  class space    used 7371K, committed 8064K, reserved 1048576K
}
Event: 43.016 GC heap before
{Heap before GC invocations=78 (full 3):
 PSYoungGen      total 20992K, used 20560K [0x00000000eab00000, 0x00000000ec180000, 0x0000000100000000)
  eden space 18944K, 100% used [0x00000000eab00000,0x00000000ebd80000,0x00000000ebd80000)
  from space 2048K, 78% used [0x00000000ebf80000,0x00000000ec114010,0x00000000ec180000)
  to   space 2048K, 0% used [0x00000000ebd80000,0x00000000ebd80000,0x00000000ebf80000)
 ParOldGen       total 77312K, used 76638K [0x00000000c0000000, 0x00000000c4b80000, 0x00000000eab00000)
  object space 77312K, 99% used [0x00000000c0000000,0x00000000c4ad7a38,0x00000000c4b80000)
 Metaspace       used 70653K, committed 72128K, reserved 1114112K
  class space    used 7395K, committed 8064K, reserved 1048576K
}
Event: 43.022 GC heap after
{Heap after GC invocations=78 (full 3):
 PSYoungGen      total 20992K, used 20560K [0x00000000eab00000, 0x00000000ec180000, 0x0000000100000000)
  eden space 18944K, 100% used [0x00000000eab00000,0x00000000ebd80000,0x00000000ebd80000)
  from space 2048K, 78% used [0x00000000ebf80000,0x00000000ec114010,0x00000000ec180000)
  to   space 2048K, 99% used [0x00000000ebd80000,0x00000000ebf7d2d8,0x00000000ebf80000)
 ParOldGen       total 78848K, used 78733K [0x00000000c0000000, 0x00000000c4d00000, 0x00000000eab00000)
  object space 78848K, 99% used [0x00000000c0000000,0x00000000c4ce3420,0x00000000c4d00000)
 Metaspace       used 70653K, committed 72128K, reserved 1114112K
  class space    used 7395K, committed 8064K, reserved 1048576K
}
Event: 43.022 GC heap before
{Heap before GC invocations=79 (full 4):
 PSYoungGen      total 20992K, used 20560K [0x00000000eab00000, 0x00000000ec180000, 0x0000000100000000)
  eden space 18944K, 100% used [0x00000000eab00000,0x00000000ebd80000,0x00000000ebd80000)
  from space 2048K, 78% used [0x00000000ebf80000,0x00000000ec114010,0x00000000ec180000)
  to   space 2048K, 99% used [0x00000000ebd80000,0x00000000ebf7d2d8,0x00000000ebf80000)
 ParOldGen       total 78848K, used 78733K [0x00000000c0000000, 0x00000000c4d00000, 0x00000000eab00000)
  object space 78848K, 99% used [0x00000000c0000000,0x00000000c4ce3420,0x00000000c4d00000)
 Metaspace       used 70653K, committed 72128K, reserved 1114112K
  class space    used 7395K, committed 8064K, reserved 1048576K
}
Event: 43.399 GC heap after
{Heap after GC invocations=79 (full 4):
 PSYoungGen      total 20992K, used 0K [0x00000000eab00000, 0x00000000ec180000, 0x0000000100000000)
  eden space 18944K, 0% used [0x00000000eab00000,0x00000000eab00000,0x00000000ebd80000)
  from space 2048K, 0% used [0x00000000ebd80000,0x00000000ebd80000,0x00000000ebf80000)
  to   space 2048K, 0% used [0x00000000ebf80000,0x00000000ebf80000,0x00000000ec180000)
 ParOldGen       total 78848K, used 58466K [0x00000000c0000000, 0x00000000c4d00000, 0x00000000eab00000)
  object space 78848K, 74% used [0x00000000c0000000,0x00000000c3918b48,0x00000000c4d00000)
 Metaspace       used 70653K, committed 72128K, reserved 1114112K
  class space    used 7395K, committed 8064K, reserved 1048576K
}

