# JRE version: Java(TM) SE Runtime Environment (21.0.5+9) (build 21.0.5+9-LTS-239)
# Java VM: Java HotSpot(TM) 64-Bit Server VM (21.0.5+9-LTS-239, mixed mode, sharing, tiered, compressed oops, compressed class ptrs, g1 gc, windows-amd64)
GC Precious Log:
 CardTable entry size: 512
 Card Set container configuration: InlinePtr #cards 5 size 8 Array Of Cards #cards 12 size 40 Howl #buckets 4 coarsen threshold 1843 Howl Bitmap #cards 512 size 80 coarsen threshold 460 Card regions per heap region 1 cards per card region 2048
 CPUs: 8 total, 8 available
 Memory: 3429M
 Large Page Support: Disabled
 NUMA Support: Disabled
 Compressed Oops: Enabled (32-bit)
 Heap Region Size: 1M
 Heap Min Capacity: 8M
 Heap Initial Capacity: 54M
 Heap Max Capacity: 858M
 Pre-touch: Disabled
 Parallel Workers: 8
 Concurrent Workers: 2
 Concurrent Refinement Workers: 8
 Periodic GC: Disabled
Heap:
 garbage-first heap   total 73728K, used 45633K [0x00000000ca600000, 0x0000000100000000)
  region size 1024K, 8 young (8192K), 4 survivors (4096K)
 Metaspace       used 84311K, committed 85248K, reserved 1179648K
  class space    used 10958K, committed 11392K, reserved 1048576K
GC Heap History (20 events):
Event: 14.392 GC heap after
{Heap after GC invocations=20 (full 0):
 garbage-first heap   total 61440K, used 31344K [0x00000000ca600000, 0x0000000100000000)
  region size 1024K, 2 young (2048K), 2 survivors (2048K)
 Metaspace       used 68110K, committed 68864K, reserved 1114112K
  class space    used 8809K, committed 9152K, reserved 1048576K
}
Event: 15.261 GC heap before
{Heap before GC invocations=21 (full 0):
 garbage-first heap   total 61440K, used 55920K [0x00000000ca600000, 0x0000000100000000)
  region size 1024K, 26 young (26624K), 2 survivors (2048K)
 Metaspace       used 68963K, committed 69696K, reserved 1114112K
  class space    used 8976K, committed 9280K, reserved 1048576K
}
Event: 15.267 GC heap after
{Heap after GC invocations=22 (full 0):
 garbage-first heap   total 61440K, used 32727K [0x00000000ca600000, 0x0000000100000000)
  region size 1024K, 4 young (4096K), 4 survivors (4096K)
 Metaspace       used 68963K, committed 69696K, reserved 1114112K
  class space    used 8976K, committed 9280K, reserved 1048576K
}
Event: 15.740 GC heap before
{Heap before GC invocations=22 (full 0):
 garbage-first heap   total 61440K, used 53207K [0x00000000ca600000, 0x0000000100000000)
  region size 1024K, 24 young (24576K), 4 survivors (4096K)
 Metaspace       used 70238K, committed 70976K, reserved 1114112K
  class space    used 9124K, committed 9472K, reserved 1048576K
}
Event: 15.746 GC heap after
{Heap after GC invocations=23 (full 0):
 garbage-first heap   total 61440K, used 34298K [0x00000000ca600000, 0x0000000100000000)
  region size 1024K, 2 young (2048K), 2 survivors (2048K)
 Metaspace       used 70238K, committed 70976K, reserved 1114112K
  class space    used 9124K, committed 9472K, reserved 1048576K
}
Event: 16.411 GC heap before
{Heap before GC invocations=23 (full 0):
 garbage-first heap   total 61440K, used 55802K [0x00000000ca600000, 0x0000000100000000)
  region size 1024K, 23 young (23552K), 2 survivors (2048K)
 Metaspace       used 73702K, committed 74560K, reserved 1114112K
  class space    used 9589K, committed 9984K, reserved 1048576K
}
Event: 16.416 GC heap after
{Heap after GC invocations=24 (full 0):
 garbage-first heap   total 61440K, used 35701K [0x00000000ca600000, 0x0000000100000000)
  region size 1024K, 2 young (2048K), 2 survivors (2048K)
 Metaspace       used 73702K, committed 74560K, reserved 1114112K
  class space    used 9589K, committed 9984K, reserved 1048576K
}
Event: 17.484 GC heap before
{Heap before GC invocations=25 (full 0):
 garbage-first heap   total 63488K, used 54133K [0x00000000ca600000, 0x0000000100000000)
  region size 1024K, 20 young (20480K), 2 survivors (2048K)
 Metaspace       used 75256K, committed 75968K, reserved 1179648K
  class space    used 9804K, committed 10112K, reserved 1048576K
}
Event: 17.491 GC heap after
{Heap after GC invocations=26 (full 0):
 garbage-first heap   total 63488K, used 37419K [0x00000000ca600000, 0x0000000100000000)
  region size 1024K, 3 young (3072K), 3 survivors (3072K)
 Metaspace       used 75256K, committed 75968K, reserved 1179648K
  class space    used 9804K, committed 10112K, reserved 1048576K
}
Event: 17.747 GC heap before
{Heap before GC invocations=26 (full 0):
 garbage-first heap   total 63488K, used 54827K [0x00000000ca600000, 0x0000000100000000)
  region size 1024K, 21 young (21504K), 3 survivors (3072K)
 Metaspace       used 76669K, committed 77504K, reserved 1179648K
  class space    used 10008K, committed 10432K, reserved 1048576K
}
Event: 17.756 GC heap after
{Heap after GC invocations=27 (full 0):
 garbage-first heap   total 63488K, used 37857K [0x00000000ca600000, 0x0000000100000000)
  region size 1024K, 2 young (2048K), 2 survivors (2048K)
 Metaspace       used 76669K, committed 77504K, reserved 1179648K
  class space    used 10008K, committed 10432K, reserved 1048576K
}
Event: 18.192 GC heap before
{Heap before GC invocations=27 (full 0):
 garbage-first heap   total 63488K, used 56289K [0x00000000ca600000, 0x0000000100000000)
  region size 1024K, 20 young (20480K), 2 survivors (2048K)
 Metaspace       used 77739K, committed 78592K, reserved 1179648K
  class space    used 10142K, committed 10560K, reserved 1048576K
}
Event: 18.195 GC heap after
{Heap after GC invocations=28 (full 0):
 garbage-first heap   total 63488K, used 38856K [0x00000000ca600000, 0x0000000100000000)
  region size 1024K, 3 young (3072K), 3 survivors (3072K)
 Metaspace       used 77739K, committed 78592K, reserved 1179648K
  class space    used 10142K, committed 10560K, reserved 1048576K
}
Event: 18.587 GC heap before
{Heap before GC invocations=29 (full 0):
 garbage-first heap   total 70656K, used 55240K [0x00000000ca600000, 0x0000000100000000)
  region size 1024K, 19 young (19456K), 3 survivors (3072K)
 Metaspace       used 78941K, committed 79808K, reserved 1179648K
  class space    used 10303K, committed 10688K, reserved 1048576K
}
Event: 18.592 GC heap after
{Heap after GC invocations=30 (full 0):
 garbage-first heap   total 70656K, used 40089K [0x00000000ca600000, 0x0000000100000000)
  region size 1024K, 3 young (3072K), 3 survivors (3072K)
 Metaspace       used 78941K, committed 79808K, reserved 1179648K
  class space    used 10303K, committed 10688K, reserved 1048576K
}
Event: 35.029 GC heap before
{Heap before GC invocations=30 (full 0):
 garbage-first heap   total 70656K, used 61593K [0x00000000ca600000, 0x0000000100000000)
  region size 1024K, 25 young (25600K), 3 survivors (3072K)
 Metaspace       used 80834K, committed 81728K, reserved 1179648K
  class space    used 10530K, committed 10944K, reserved 1048576K
}
Event: 35.058 GC heap after
{Heap after GC invocations=31 (full 0):
 garbage-first heap   total 70656K, used 40009K [0x00000000ca600000, 0x0000000100000000)
  region size 1024K, 3 young (3072K), 3 survivors (3072K)
 Metaspace       used 80834K, committed 81728K, reserved 1179648K
  class space    used 10530K, committed 10944K, reserved 1048576K
}
Event: 191.017 GC heap before
{Heap before GC invocations=31 (full 0):
 garbage-first heap   total 70656K, used 61513K [0x00000000ca600000, 0x0000000100000000)
  region size 1024K, 25 young (25600K), 3 survivors (3072K)
 Metaspace       used 84024K, committed 84928K, reserved 1179648K
  class space    used 10912K, committed 11328K, reserved 1048576K
}
Event: 191.052 GC heap after
{Heap after GC invocations=32 (full 0):
 garbage-first heap   total 70656K, used 42561K [0x00000000ca600000, 0x0000000100000000)
  region size 1024K, 4 young (4096K), 4 survivors (4096K)
 Metaspace       used 84024K, committed 84928K, reserved 1179648K
  class space    used 10912K, committed 11328K, reserved 1048576K
}
Event: 191.723 GC heap before
{Heap before GC invocations=33 (full 0):
 garbage-first heap   total 73728K, used 45633K [0x00000000ca600000, 0x0000000100000000)
  region size 1024K, 8 young (8192K), 4 survivors (4096K)
 Metaspace       used 84311K, committed 85248K, reserved 1179648K
  class space    used 10958K, committed 11392K, reserved 1048576K
}

