# JRE version: OpenJDK Runtime Environment Temurin-21.0.6+7 (21.0.6+7) (build 21.0.6+7-LTS)
# Java VM: OpenJDK 64-Bit Server VM Temurin-21.0.6+7 (21.0.6+7-LTS, mixed mode, sharing, tiered, compressed oops, compressed class ptrs, parallel gc, windows-amd64)
GC Precious Log:
 CardTable entry size: 512
 CPUs: 8 total, 8 available
 Memory: 3429M
 Large Page Support: Disabled
 NUMA Support: Disabled
 Compressed Oops: Enabled (32-bit)
 Alignments: Space 512K, Generation 512K, Heap 2M
 Heap Min Capacity: 100M
 Heap Initial Capacity: 100M
 Heap Max Capacity: 1G
 Pre-touch: Disabled
 Parallel Workers: 8
Heap:
 PSYoungGen      total 46592K, used 42854K [0x00000000eab00000, 0x00000000ee300000, 0x0000000100000000)
  eden space 43008K, 91% used [0x00000000eab00000,0x00000000ed15e1f0,0x00000000ed500000)
  from space 3584K, 99% used [0x00000000ede80000,0x00000000ee1fb618,0x00000000ee200000)
  to   space 1024K, 0% used [0x00000000ee200000,0x00000000ee200000,0x00000000ee300000)
 ParOldGen       total 354816K, used 346762K [0x00000000c0000000, 0x00000000d5a80000, 0x00000000eab00000)
  object space 354816K, 97% used [0x00000000c0000000,0x00000000d52a2a40,0x00000000d5a80000)
 Metaspace       used 65039K, committed 66624K, reserved 1114112K
  class space    used 6727K, committed 7424K, reserved 1048576K
GC Heap History (20 events):
Event: 48.590 GC heap before
{Heap before GC invocations=551 (full 5):
 PSYoungGen      total 65024K, used 65021K [0x00000000eab00000, 0x00000000f1300000, 0x0000000100000000)
  eden space 51200K, 100% used [0x00000000eab00000,0x00000000edd00000,0x00000000edd00000)
  from space 13824K, 99% used [0x00000000ede00000,0x00000000eeb7f7d8,0x00000000eeb80000)
  to   space 27648K, 0% used [0x00000000ef800000,0x00000000ef800000,0x00000000f1300000)
 ParOldGen       total 354816K, used 319399K [0x00000000c0000000, 0x00000000d5a80000, 0x00000000eab00000)
  object space 354816K, 90% used [0x00000000c0000000,0x00000000d37e9e60,0x00000000d5a80000)
 Metaspace       used 63046K, committed 64576K, reserved 1114112K
  class space    used 6533K, committed 7168K, reserved 1048576K
}
Event: 48.615 GC heap after
{Heap after GC invocations=551 (full 5):
 PSYoungGen      total 71680K, used 21274K [0x00000000eab00000, 0x00000000f0d00000, 0x0000000100000000)
  eden space 50176K, 0% used [0x00000000eab00000,0x00000000eab00000,0x00000000edc00000)
  from space 21504K, 98% used [0x00000000ef800000,0x00000000f0cc6a98,0x00000000f0d00000)
  to   space 22528K, 0% used [0x00000000ee100000,0x00000000ee100000,0x00000000ef700000)
 ParOldGen       total 354816K, used 319399K [0x00000000c0000000, 0x00000000d5a80000, 0x00000000eab00000)
  object space 354816K, 90% used [0x00000000c0000000,0x00000000d37e9e60,0x00000000d5a80000)
 Metaspace       used 63046K, committed 64576K, reserved 1114112K
  class space    used 6533K, committed 7168K, reserved 1048576K
}
Event: 49.038 GC heap before
{Heap before GC invocations=552 (full 5):
 PSYoungGen      total 71680K, used 71450K [0x00000000eab00000, 0x00000000f0d00000, 0x0000000100000000)
  eden space 50176K, 100% used [0x00000000eab00000,0x00000000edc00000,0x00000000edc00000)
  from space 21504K, 98% used [0x00000000ef800000,0x00000000f0cc6a98,0x00000000f0d00000)
  to   space 22528K, 0% used [0x00000000ee100000,0x00000000ee100000,0x00000000ef700000)
 ParOldGen       total 354816K, used 319399K [0x00000000c0000000, 0x00000000d5a80000, 0x00000000eab00000)
  object space 354816K, 90% used [0x00000000c0000000,0x00000000d37e9e60,0x00000000d5a80000)
 Metaspace       used 63388K, committed 64960K, reserved 1114112K
  class space    used 6564K, committed 7232K, reserved 1048576K
}
Event: 49.092 GC heap after
{Heap after GC invocations=552 (full 5):
 PSYoungGen      total 71680K, used 22522K [0x00000000eab00000, 0x00000000f0a00000, 0x0000000100000000)
  eden space 49152K, 0% used [0x00000000eab00000,0x00000000eab00000,0x00000000edb00000)
  from space 22528K, 99% used [0x00000000ee100000,0x00000000ef6fe9a8,0x00000000ef700000)
  to   space 19456K, 0% used [0x00000000ef700000,0x00000000ef700000,0x00000000f0a00000)
 ParOldGen       total 354816K, used 320335K [0x00000000c0000000, 0x00000000d5a80000, 0x00000000eab00000)
  object space 354816K, 90% used [0x00000000c0000000,0x00000000d38d3e60,0x00000000d5a80000)
 Metaspace       used 63388K, committed 64960K, reserved 1114112K
  class space    used 6564K, committed 7232K, reserved 1048576K
}
Event: 49.314 GC heap before
{Heap before GC invocations=553 (full 5):
 PSYoungGen      total 71680K, used 71674K [0x00000000eab00000, 0x00000000f0a00000, 0x0000000100000000)
  eden space 49152K, 100% used [0x00000000eab00000,0x00000000edb00000,0x00000000edb00000)
  from space 22528K, 99% used [0x00000000ee100000,0x00000000ef6fe9a8,0x00000000ef700000)
  to   space 19456K, 0% used [0x00000000ef700000,0x00000000ef700000,0x00000000f0a00000)
 ParOldGen       total 354816K, used 320335K [0x00000000c0000000, 0x00000000d5a80000, 0x00000000eab00000)
  object space 354816K, 90% used [0x00000000c0000000,0x00000000d38d3e60,0x00000000d5a80000)
 Metaspace       used 63391K, committed 64960K, reserved 1114112K
  class space    used 6564K, committed 7232K, reserved 1048576K
}
Event: 49.338 GC heap after
{Heap after GC invocations=553 (full 5):
 PSYoungGen      total 67584K, used 19440K [0x00000000eab00000, 0x00000000f0d00000, 0x0000000100000000)
  eden space 48128K, 0% used [0x00000000eab00000,0x00000000eab00000,0x00000000eda00000)
  from space 19456K, 99% used [0x00000000ef700000,0x00000000f09fc2c0,0x00000000f0a00000)
  to   space 26112K, 0% used [0x00000000eda00000,0x00000000eda00000,0x00000000ef380000)
 ParOldGen       total 354816K, used 326268K [0x00000000c0000000, 0x00000000d5a80000, 0x00000000eab00000)
  object space 354816K, 91% used [0x00000000c0000000,0x00000000d3e9f068,0x00000000d5a80000)
 Metaspace       used 63391K, committed 64960K, reserved 1114112K
  class space    used 6564K, committed 7232K, reserved 1048576K
}
Event: 49.585 GC heap before
{Heap before GC invocations=554 (full 5):
 PSYoungGen      total 67584K, used 67568K [0x00000000eab00000, 0x00000000f0d00000, 0x0000000100000000)
  eden space 48128K, 100% used [0x00000000eab00000,0x00000000eda00000,0x00000000eda00000)
  from space 19456K, 99% used [0x00000000ef700000,0x00000000f09fc2c0,0x00000000f0a00000)
  to   space 26112K, 0% used [0x00000000eda00000,0x00000000eda00000,0x00000000ef380000)
 ParOldGen       total 354816K, used 326268K [0x00000000c0000000, 0x00000000d5a80000, 0x00000000eab00000)
  object space 354816K, 91% used [0x00000000c0000000,0x00000000d3e9f068,0x00000000d5a80000)
 Metaspace       used 63397K, committed 64960K, reserved 1114112K
  class space    used 6564K, committed 7232K, reserved 1048576K
}
Event: 49.633 GC heap after
{Heap after GC invocations=554 (full 5):
 PSYoungGen      total 54784K, used 7557K [0x00000000eab00000, 0x00000000ef780000, 0x0000000100000000)
  eden space 47104K, 0% used [0x00000000eab00000,0x00000000eab00000,0x00000000ed900000)
  from space 7680K, 98% used [0x00000000eda00000,0x00000000ee161508,0x00000000ee180000)
  to   space 14336K, 0% used [0x00000000ee980000,0x00000000ee980000,0x00000000ef780000)
 ParOldGen       total 354816K, used 340514K [0x00000000c0000000, 0x00000000d5a80000, 0x00000000eab00000)
  object space 354816K, 95% used [0x00000000c0000000,0x00000000d4c889d0,0x00000000d5a80000)
 Metaspace       used 63397K, committed 64960K, reserved 1114112K
  class space    used 6564K, committed 7232K, reserved 1048576K
}
Event: 50.540 GC heap before
{Heap before GC invocations=555 (full 5):
 PSYoungGen      total 54784K, used 54521K [0x00000000eab00000, 0x00000000ef780000, 0x0000000100000000)
  eden space 47104K, 99% used [0x00000000eab00000,0x00000000ed8dd130,0x00000000ed900000)
  from space 7680K, 98% used [0x00000000eda00000,0x00000000ee161508,0x00000000ee180000)
  to   space 14336K, 0% used [0x00000000ee980000,0x00000000ee980000,0x00000000ef780000)
 ParOldGen       total 354816K, used 340514K [0x00000000c0000000, 0x00000000d5a80000, 0x00000000eab00000)
  object space 354816K, 95% used [0x00000000c0000000,0x00000000d4c889d0,0x00000000d5a80000)
 Metaspace       used 64190K, committed 65728K, reserved 1114112K
  class space    used 6681K, committed 7360K, reserved 1048576K
}
Event: 50.554 GC heap after
{Heap after GC invocations=555 (full 5):
 PSYoungGen      total 51200K, used 4961K [0x00000000eab00000, 0x00000000eee80000, 0x0000000100000000)
  eden space 46080K, 0% used [0x00000000eab00000,0x00000000eab00000,0x00000000ed800000)
  from space 5120K, 96% used [0x00000000ee980000,0x00000000eee58400,0x00000000eee80000)
  to   space 7168K, 0% used [0x00000000ee080000,0x00000000ee080000,0x00000000ee780000)
 ParOldGen       total 354816K, used 341318K [0x00000000c0000000, 0x00000000d5a80000, 0x00000000eab00000)
  object space 354816K, 96% used [0x00000000c0000000,0x00000000d4d51bd0,0x00000000d5a80000)
 Metaspace       used 64190K, committed 65728K, reserved 1114112K
  class space    used 6681K, committed 7360K, reserved 1048576K
}
Event: 50.945 GC heap before
{Heap before GC invocations=556 (full 5):
 PSYoungGen      total 51200K, used 51041K [0x00000000eab00000, 0x00000000eee80000, 0x0000000100000000)
  eden space 46080K, 100% used [0x00000000eab00000,0x00000000ed800000,0x00000000ed800000)
  from space 5120K, 96% used [0x00000000ee980000,0x00000000eee58400,0x00000000eee80000)
  to   space 7168K, 0% used [0x00000000ee080000,0x00000000ee080000,0x00000000ee780000)
 ParOldGen       total 354816K, used 341318K [0x00000000c0000000, 0x00000000d5a80000, 0x00000000eab00000)
  object space 354816K, 96% used [0x00000000c0000000,0x00000000d4d51bd0,0x00000000d5a80000)
 Metaspace       used 64379K, committed 65920K, reserved 1114112K
  class space    used 6688K, committed 7360K, reserved 1048576K
}
Event: 50.956 GC heap after
{Heap after GC invocations=556 (full 5):
 PSYoungGen      total 51200K, used 5905K [0x00000000eab00000, 0x00000000eea00000, 0x0000000100000000)
  eden space 45056K, 0% used [0x00000000eab00000,0x00000000eab00000,0x00000000ed700000)
  from space 6144K, 96% used [0x00000000ee080000,0x00000000ee644410,0x00000000ee680000)
  to   space 3584K, 0% used [0x00000000ee680000,0x00000000ee680000,0x00000000eea00000)
 ParOldGen       total 354816K, used 341318K [0x00000000c0000000, 0x00000000d5a80000, 0x00000000eab00000)
  object space 354816K, 96% used [0x00000000c0000000,0x00000000d4d51bd0,0x00000000d5a80000)
 Metaspace       used 64379K, committed 65920K, reserved 1114112K
  class space    used 6688K, committed 7360K, reserved 1048576K
}
Event: 51.246 GC heap before
{Heap before GC invocations=557 (full 5):
 PSYoungGen      total 51200K, used 50961K [0x00000000eab00000, 0x00000000eea00000, 0x0000000100000000)
  eden space 45056K, 100% used [0x00000000eab00000,0x00000000ed700000,0x00000000ed700000)
  from space 6144K, 96% used [0x00000000ee080000,0x00000000ee644410,0x00000000ee680000)
  to   space 3584K, 0% used [0x00000000ee680000,0x00000000ee680000,0x00000000eea00000)
 ParOldGen       total 354816K, used 341318K [0x00000000c0000000, 0x00000000d5a80000, 0x00000000eab00000)
  object space 354816K, 96% used [0x00000000c0000000,0x00000000d4d51bd0,0x00000000d5a80000)
 Metaspace       used 64557K, committed 66112K, reserved 1114112K
  class space    used 6690K, committed 7360K, reserved 1048576K
}
Event: 51.254 GC heap after
{Heap after GC invocations=557 (full 5):
 PSYoungGen      total 48128K, used 3581K [0x00000000eab00000, 0x00000000eea00000, 0x0000000100000000)
  eden space 44544K, 0% used [0x00000000eab00000,0x00000000eab00000,0x00000000ed680000)
  from space 3584K, 99% used [0x00000000ee680000,0x00000000ee9ff5a8,0x00000000eea00000)
  to   space 6144K, 0% used [0x00000000ede00000,0x00000000ede00000,0x00000000ee400000)
 ParOldGen       total 354816K, used 343630K [0x00000000c0000000, 0x00000000d5a80000, 0x00000000eab00000)
  object space 354816K, 96% used [0x00000000c0000000,0x00000000d4f93bd0,0x00000000d5a80000)
 Metaspace       used 64557K, committed 66112K, reserved 1114112K
  class space    used 6690K, committed 7360K, reserved 1048576K
}
Event: 51.729 GC heap before
{Heap before GC invocations=558 (full 5):
 PSYoungGen      total 48128K, used 48125K [0x00000000eab00000, 0x00000000eea00000, 0x0000000100000000)
  eden space 44544K, 100% used [0x00000000eab00000,0x00000000ed680000,0x00000000ed680000)
  from space 3584K, 99% used [0x00000000ee680000,0x00000000ee9ff5a8,0x00000000eea00000)
  to   space 6144K, 0% used [0x00000000ede00000,0x00000000ede00000,0x00000000ee400000)
 ParOldGen       total 354816K, used 343630K [0x00000000c0000000, 0x00000000d5a80000, 0x00000000eab00000)
  object space 354816K, 96% used [0x00000000c0000000,0x00000000d4f93bd0,0x00000000d5a80000)
 Metaspace       used 64893K, committed 66368K, reserved 1114112K
  class space    used 6718K, committed 7360K, reserved 1048576K
}
Event: 51.742 GC heap after
{Heap after GC invocations=558 (full 5):
 PSYoungGen      total 47616K, used 3148K [0x00000000eab00000, 0x00000000ee700000, 0x0000000100000000)
  eden space 44032K, 0% used [0x00000000eab00000,0x00000000eab00000,0x00000000ed600000)
  from space 3584K, 87% used [0x00000000ede00000,0x00000000ee1131a8,0x00000000ee180000)
  to   space 4608K, 0% used [0x00000000ee280000,0x00000000ee280000,0x00000000ee700000)
 ParOldGen       total 354816K, used 345558K [0x00000000c0000000, 0x00000000d5a80000, 0x00000000eab00000)
  object space 354816K, 97% used [0x00000000c0000000,0x00000000d5175880,0x00000000d5a80000)
 Metaspace       used 64893K, committed 66368K, reserved 1114112K
  class space    used 6718K, committed 7360K, reserved 1048576K
}
Event: 51.950 GC heap before
{Heap before GC invocations=559 (full 5):
 PSYoungGen      total 47616K, used 47180K [0x00000000eab00000, 0x00000000ee700000, 0x0000000100000000)
  eden space 44032K, 100% used [0x00000000eab00000,0x00000000ed600000,0x00000000ed600000)
  from space 3584K, 87% used [0x00000000ede00000,0x00000000ee1131a8,0x00000000ee180000)
  to   space 4608K, 0% used [0x00000000ee280000,0x00000000ee280000,0x00000000ee700000)
 ParOldGen       total 354816K, used 345558K [0x00000000c0000000, 0x00000000d5a80000, 0x00000000eab00000)
  object space 354816K, 97% used [0x00000000c0000000,0x00000000d5175880,0x00000000d5a80000)
 Metaspace       used 64936K, committed 66432K, reserved 1114112K
  class space    used 6719K, committed 7360K, reserved 1048576K
}
Event: 51.957 GC heap after
{Heap after GC invocations=559 (full 5):
 PSYoungGen      total 46592K, used 3004K [0x00000000eab00000, 0x00000000ee580000, 0x0000000100000000)
  eden space 43520K, 0% used [0x00000000eab00000,0x00000000eab00000,0x00000000ed580000)
  from space 3072K, 97% used [0x00000000ee280000,0x00000000ee56f198,0x00000000ee580000)
  to   space 3584K, 0% used [0x00000000ede80000,0x00000000ede80000,0x00000000ee200000)
 ParOldGen       total 354816K, used 345558K [0x00000000c0000000, 0x00000000d5a80000, 0x00000000eab00000)
  object space 354816K, 97% used [0x00000000c0000000,0x00000000d5175880,0x00000000d5a80000)
 Metaspace       used 64936K, committed 66432K, reserved 1114112K
  class space    used 6719K, committed 7360K, reserved 1048576K
}
Event: 52.225 GC heap before
{Heap before GC invocations=560 (full 5):
 PSYoungGen      total 46592K, used 46210K [0x00000000eab00000, 0x00000000ee580000, 0x0000000100000000)
  eden space 43520K, 99% used [0x00000000eab00000,0x00000000ed531710,0x00000000ed580000)
  from space 3072K, 97% used [0x00000000ee280000,0x00000000ee56f198,0x00000000ee580000)
  to   space 3584K, 0% used [0x00000000ede80000,0x00000000ede80000,0x00000000ee200000)
 ParOldGen       total 354816K, used 345558K [0x00000000c0000000, 0x00000000d5a80000, 0x00000000eab00000)
  object space 354816K, 97% used [0x00000000c0000000,0x00000000d5175880,0x00000000d5a80000)
 Metaspace       used 64964K, committed 66496K, reserved 1114112K
  class space    used 6719K, committed 7360K, reserved 1048576K
}
Event: 52.234 GC heap after
{Heap after GC invocations=560 (full 5):
 PSYoungGen      total 46592K, used 3565K [0x00000000eab00000, 0x00000000ee300000, 0x0000000100000000)
  eden space 43008K, 0% used [0x00000000eab00000,0x00000000eab00000,0x00000000ed500000)
  from space 3584K, 99% used [0x00000000ede80000,0x00000000ee1fb618,0x00000000ee200000)
  to   space 1024K, 0% used [0x00000000ee200000,0x00000000ee200000,0x00000000ee300000)
 ParOldGen       total 354816K, used 346762K [0x00000000c0000000, 0x00000000d5a80000, 0x00000000eab00000)
  object space 354816K, 97% used [0x00000000c0000000,0x00000000d52a2a40,0x00000000d5a80000)
 Metaspace       used 64964K, committed 66496K, reserved 1114112K
  class space    used 6719K, committed 7360K, reserved 1048576K
}

