# JRE version: OpenJDK Runtime Environment Temurin-21.0.6+7 (21.0.6+7) (build 21.0.6+7-LTS)
# Java VM: OpenJDK 64-Bit Server VM Temurin-21.0.6+7 (21.0.6+7-LTS, mixed mode, sharing, tiered, compressed oops, compressed class ptrs, parallel gc, windows-amd64)
GC Precious Log:
 CardTable entry size: 512
 CPUs: 8 total, 8 available
 Memory: 3429M
 Large Page Support: Disabled
 NUMA Support: Disabled
 Compressed Oops: Enabled (32-bit)
 Alignments: Space 512K, Generation 512K, Heap 2M
 Heap Min Capacity: 100M
 Heap Initial Capacity: 100M
 Heap Max Capacity: 1G
 Pre-touch: Disabled
 Parallel Workers: 8
Heap:
 PSYoungGen      total 4608K, used 2904K [0x00000000eab00000, 0x00000000eb080000, 0x0000000100000000)
  eden space 3584K, 65% used [0x00000000eab00000,0x00000000ead4f568,0x00000000eae80000)
  from space 1024K, 52% used [0x00000000eaf00000,0x00000000eaf86c08,0x00000000eb000000)
  to   space 512K, 0% used [0x00000000eb000000,0x00000000eb000000,0x00000000eb080000)
 ParOldGen       total 406528K, used 187075K [0x00000000c0000000, 0x00000000d8d00000, 0x00000000eab00000)
  object space 406528K, 46% used [0x00000000c0000000,0x00000000cb6b0de0,0x00000000d8d00000)
 Metaspace       used 60601K, committed 62016K, reserved 1114112K
  class space    used 6359K, committed 6976K, reserved 1048576K
GC Heap History (20 events):
Event: 46.095 GC heap before
{Heap before GC invocations=256 (full 3):
 PSYoungGen      total 5120K, used 5074K [0x00000000eab00000, 0x00000000eb200000, 0x0000000100000000)
  eden space 4608K, 99% used [0x00000000eab00000,0x00000000eaf7c9f8,0x00000000eaf80000)
  from space 512K, 93% used [0x00000000eb180000,0x00000000eb1f8000,0x00000000eb200000)
  to   space 512K, 0% used [0x00000000eb100000,0x00000000eb100000,0x00000000eb180000)
 ParOldGen       total 406528K, used 180267K [0x00000000c0000000, 0x00000000d8d00000, 0x00000000eab00000)
  object space 406528K, 44% used [0x00000000c0000000,0x00000000cb00ac48,0x00000000d8d00000)
 Metaspace       used 59252K, committed 60544K, reserved 1114112K
  class space    used 6227K, committed 6784K, reserved 1048576K
}
Event: 46.097 GC heap after
{Heap after GC invocations=256 (full 3):
 PSYoungGen      total 5120K, used 507K [0x00000000eab00000, 0x00000000eb200000, 0x0000000100000000)
  eden space 4608K, 0% used [0x00000000eab00000,0x00000000eab00000,0x00000000eaf80000)
  from space 512K, 99% used [0x00000000eb100000,0x00000000eb17ec08,0x00000000eb180000)
  to   space 512K, 0% used [0x00000000eb180000,0x00000000eb180000,0x00000000eb200000)
 ParOldGen       total 406528K, used 180635K [0x00000000c0000000, 0x00000000d8d00000, 0x00000000eab00000)
  object space 406528K, 44% used [0x00000000c0000000,0x00000000cb066c48,0x00000000d8d00000)
 Metaspace       used 59252K, committed 60544K, reserved 1114112K
  class space    used 6227K, committed 6784K, reserved 1048576K
}
Event: 46.160 GC heap before
{Heap before GC invocations=257 (full 3):
 PSYoungGen      total 5120K, used 5115K [0x00000000eab00000, 0x00000000eb200000, 0x0000000100000000)
  eden space 4608K, 100% used [0x00000000eab00000,0x00000000eaf80000,0x00000000eaf80000)
  from space 512K, 99% used [0x00000000eb100000,0x00000000eb17ec08,0x00000000eb180000)
  to   space 512K, 0% used [0x00000000eb180000,0x00000000eb180000,0x00000000eb200000)
 ParOldGen       total 406528K, used 180635K [0x00000000c0000000, 0x00000000d8d00000, 0x00000000eab00000)
  object space 406528K, 44% used [0x00000000c0000000,0x00000000cb066c48,0x00000000d8d00000)
 Metaspace       used 59569K, committed 60928K, reserved 1114112K
  class space    used 6248K, committed 6848K, reserved 1048576K
}
Event: 46.163 GC heap after
{Heap after GC invocations=257 (full 3):
 PSYoungGen      total 5120K, used 512K [0x00000000eab00000, 0x00000000eb200000, 0x0000000100000000)
  eden space 4608K, 0% used [0x00000000eab00000,0x00000000eab00000,0x00000000eaf80000)
  from space 512K, 100% used [0x00000000eb180000,0x00000000eb200000,0x00000000eb200000)
  to   space 1024K, 0% used [0x00000000eb000000,0x00000000eb000000,0x00000000eb100000)
 ParOldGen       total 406528K, used 181046K [0x00000000c0000000, 0x00000000d8d00000, 0x00000000eab00000)
  object space 406528K, 44% used [0x00000000c0000000,0x00000000cb0cd850,0x00000000d8d00000)
 Metaspace       used 59569K, committed 60928K, reserved 1114112K
  class space    used 6248K, committed 6848K, reserved 1048576K
}
Event: 46.195 GC heap before
{Heap before GC invocations=258 (full 3):
 PSYoungGen      total 5120K, used 5117K [0x00000000eab00000, 0x00000000eb200000, 0x0000000100000000)
  eden space 4608K, 99% used [0x00000000eab00000,0x00000000eaf7f448,0x00000000eaf80000)
  from space 512K, 100% used [0x00000000eb180000,0x00000000eb200000,0x00000000eb200000)
  to   space 1024K, 0% used [0x00000000eb000000,0x00000000eb000000,0x00000000eb100000)
 ParOldGen       total 406528K, used 181046K [0x00000000c0000000, 0x00000000d8d00000, 0x00000000eab00000)
  object space 406528K, 44% used [0x00000000c0000000,0x00000000cb0cd850,0x00000000d8d00000)
 Metaspace       used 59594K, committed 60928K, reserved 1114112K
  class space    used 6254K, committed 6848K, reserved 1048576K
}
Event: 46.197 GC heap after
{Heap after GC invocations=258 (full 3):
 PSYoungGen      total 5632K, used 768K [0x00000000eab00000, 0x00000000eb200000, 0x0000000100000000)
  eden space 4608K, 0% used [0x00000000eab00000,0x00000000eab00000,0x00000000eaf80000)
  from space 1024K, 75% used [0x00000000eb000000,0x00000000eb0c0000,0x00000000eb100000)
  to   space 1024K, 0% used [0x00000000eb100000,0x00000000eb100000,0x00000000eb200000)
 ParOldGen       total 406528K, used 181382K [0x00000000c0000000, 0x00000000d8d00000, 0x00000000eab00000)
  object space 406528K, 44% used [0x00000000c0000000,0x00000000cb121850,0x00000000d8d00000)
 Metaspace       used 59594K, committed 60928K, reserved 1114112K
  class space    used 6254K, committed 6848K, reserved 1048576K
}
Event: 46.246 GC heap before
{Heap before GC invocations=259 (full 3):
 PSYoungGen      total 5632K, used 5376K [0x00000000eab00000, 0x00000000eb200000, 0x0000000100000000)
  eden space 4608K, 100% used [0x00000000eab00000,0x00000000eaf80000,0x00000000eaf80000)
  from space 1024K, 75% used [0x00000000eb000000,0x00000000eb0c0000,0x00000000eb100000)
  to   space 1024K, 0% used [0x00000000eb100000,0x00000000eb100000,0x00000000eb200000)
 ParOldGen       total 406528K, used 181382K [0x00000000c0000000, 0x00000000d8d00000, 0x00000000eab00000)
  object space 406528K, 44% used [0x00000000c0000000,0x00000000cb121850,0x00000000d8d00000)
 Metaspace       used 59682K, committed 60992K, reserved 1114112K
  class space    used 6266K, committed 6848K, reserved 1048576K
}
Event: 46.248 GC heap after
{Heap after GC invocations=259 (full 3):
 PSYoungGen      total 5632K, used 795K [0x00000000eab00000, 0x00000000eb200000, 0x0000000100000000)
  eden space 4608K, 0% used [0x00000000eab00000,0x00000000eab00000,0x00000000eaf80000)
  from space 1024K, 77% used [0x00000000eb100000,0x00000000eb1c6c08,0x00000000eb200000)
  to   space 1024K, 0% used [0x00000000eb000000,0x00000000eb000000,0x00000000eb100000)
 ParOldGen       total 406528K, used 182038K [0x00000000c0000000, 0x00000000d8d00000, 0x00000000eab00000)
  object space 406528K, 44% used [0x00000000c0000000,0x00000000cb1c5850,0x00000000d8d00000)
 Metaspace       used 59682K, committed 60992K, reserved 1114112K
  class space    used 6266K, committed 6848K, reserved 1048576K
}
Event: 46.281 GC heap before
{Heap before GC invocations=260 (full 3):
 PSYoungGen      total 5632K, used 5401K [0x00000000eab00000, 0x00000000eb200000, 0x0000000100000000)
  eden space 4608K, 99% used [0x00000000eab00000,0x00000000eaf7fa80,0x00000000eaf80000)
  from space 1024K, 77% used [0x00000000eb100000,0x00000000eb1c6c08,0x00000000eb200000)
  to   space 1024K, 0% used [0x00000000eb000000,0x00000000eb000000,0x00000000eb100000)
 ParOldGen       total 406528K, used 182038K [0x00000000c0000000, 0x00000000d8d00000, 0x00000000eab00000)
  object space 406528K, 44% used [0x00000000c0000000,0x00000000cb1c5850,0x00000000d8d00000)
 Metaspace       used 59744K, committed 61056K, reserved 1114112K
  class space    used 6272K, committed 6848K, reserved 1048576K
}
Event: 46.284 GC heap after
{Heap after GC invocations=260 (full 3):
 PSYoungGen      total 5632K, used 694K [0x00000000eab00000, 0x00000000eb180000, 0x0000000100000000)
  eden space 4608K, 0% used [0x00000000eab00000,0x00000000eab00000,0x00000000eaf80000)
  from space 1024K, 67% used [0x00000000eb000000,0x00000000eb0ad808,0x00000000eb100000)
  to   space 512K, 0% used [0x00000000eb100000,0x00000000eb100000,0x00000000eb180000)
 ParOldGen       total 406528K, used 182686K [0x00000000c0000000, 0x00000000d8d00000, 0x00000000eab00000)
  object space 406528K, 44% used [0x00000000c0000000,0x00000000cb267850,0x00000000d8d00000)
 Metaspace       used 59744K, committed 61056K, reserved 1114112K
  class space    used 6272K, committed 6848K, reserved 1048576K
}
Event: 46.314 GC heap before
{Heap before GC invocations=261 (full 3):
 PSYoungGen      total 5632K, used 5302K [0x00000000eab00000, 0x00000000eb180000, 0x0000000100000000)
  eden space 4608K, 100% used [0x00000000eab00000,0x00000000eaf80000,0x00000000eaf80000)
  from space 1024K, 67% used [0x00000000eb000000,0x00000000eb0ad808,0x00000000eb100000)
  to   space 512K, 0% used [0x00000000eb100000,0x00000000eb100000,0x00000000eb180000)
 ParOldGen       total 406528K, used 182687K [0x00000000c0000000, 0x00000000d8d00000, 0x00000000eab00000)
  object space 406528K, 44% used [0x00000000c0000000,0x00000000cb267c20,0x00000000d8d00000)
 Metaspace       used 59786K, committed 61120K, reserved 1114112K
  class space    used 6273K, committed 6848K, reserved 1048576K
}
Event: 46.318 GC heap after
{Heap after GC invocations=261 (full 3):
 PSYoungGen      total 5120K, used 512K [0x00000000eab00000, 0x00000000eb280000, 0x0000000100000000)
  eden space 4608K, 0% used [0x00000000eab00000,0x00000000eab00000,0x00000000eaf80000)
  from space 512K, 100% used [0x00000000eb100000,0x00000000eb180000,0x00000000eb180000)
  to   space 1536K, 0% used [0x00000000eaf80000,0x00000000eaf80000,0x00000000eb100000)
 ParOldGen       total 406528K, used 183413K [0x00000000c0000000, 0x00000000d8d00000, 0x00000000eab00000)
  object space 406528K, 45% used [0x00000000c0000000,0x00000000cb31d428,0x00000000d8d00000)
 Metaspace       used 59786K, committed 61120K, reserved 1114112K
  class space    used 6273K, committed 6848K, reserved 1048576K
}
Event: 46.353 GC heap before
{Heap before GC invocations=262 (full 3):
 PSYoungGen      total 5120K, used 5120K [0x00000000eab00000, 0x00000000eb280000, 0x0000000100000000)
  eden space 4608K, 100% used [0x00000000eab00000,0x00000000eaf80000,0x00000000eaf80000)
  from space 512K, 100% used [0x00000000eb100000,0x00000000eb180000,0x00000000eb180000)
  to   space 1536K, 0% used [0x00000000eaf80000,0x00000000eaf80000,0x00000000eb100000)
 ParOldGen       total 406528K, used 183416K [0x00000000c0000000, 0x00000000d8d00000, 0x00000000eab00000)
  object space 406528K, 45% used [0x00000000c0000000,0x00000000cb31e320,0x00000000d8d00000)
 Metaspace       used 59845K, committed 61184K, reserved 1114112K
  class space    used 6278K, committed 6848K, reserved 1048576K
}
Event: 46.359 GC heap after
{Heap after GC invocations=262 (full 3):
 PSYoungGen      total 5632K, used 576K [0x00000000eab00000, 0x00000000eb180000, 0x0000000100000000)
  eden space 4608K, 0% used [0x00000000eab00000,0x00000000eab00000,0x00000000eaf80000)
  from space 1024K, 56% used [0x00000000eaf80000,0x00000000eb010000,0x00000000eb080000)
  to   space 1024K, 0% used [0x00000000eb080000,0x00000000eb080000,0x00000000eb180000)
 ParOldGen       total 406528K, used 183944K [0x00000000c0000000, 0x00000000d8d00000, 0x00000000eab00000)
  object space 406528K, 45% used [0x00000000c0000000,0x00000000cb3a2320,0x00000000d8d00000)
 Metaspace       used 59845K, committed 61184K, reserved 1114112K
  class space    used 6278K, committed 6848K, reserved 1048576K
}
Event: 46.387 GC heap before
{Heap before GC invocations=263 (full 3):
 PSYoungGen      total 5632K, used 5184K [0x00000000eab00000, 0x00000000eb180000, 0x0000000100000000)
  eden space 4608K, 100% used [0x00000000eab00000,0x00000000eaf80000,0x00000000eaf80000)
  from space 1024K, 56% used [0x00000000eaf80000,0x00000000eb010000,0x00000000eb080000)
  to   space 1024K, 0% used [0x00000000eb080000,0x00000000eb080000,0x00000000eb180000)
 ParOldGen       total 406528K, used 183944K [0x00000000c0000000, 0x00000000d8d00000, 0x00000000eab00000)
  object space 406528K, 45% used [0x00000000c0000000,0x00000000cb3a2320,0x00000000d8d00000)
 Metaspace       used 59897K, committed 61184K, reserved 1114112K
  class space    used 6280K, committed 6848K, reserved 1048576K
}
Event: 46.391 GC heap after
{Heap after GC invocations=263 (full 3):
 PSYoungGen      total 5632K, used 768K [0x00000000eab00000, 0x00000000eb180000, 0x0000000100000000)
  eden space 4608K, 0% used [0x00000000eab00000,0x00000000eab00000,0x00000000eaf80000)
  from space 1024K, 75% used [0x00000000eb080000,0x00000000eb140000,0x00000000eb180000)
  to   space 1024K, 0% used [0x00000000eaf80000,0x00000000eaf80000,0x00000000eb080000)
 ParOldGen       total 406528K, used 184416K [0x00000000c0000000, 0x00000000d8d00000, 0x00000000eab00000)
  object space 406528K, 45% used [0x00000000c0000000,0x00000000cb418320,0x00000000d8d00000)
 Metaspace       used 59897K, committed 61184K, reserved 1114112K
  class space    used 6280K, committed 6848K, reserved 1048576K
}
Event: 46.425 GC heap before
{Heap before GC invocations=264 (full 3):
 PSYoungGen      total 5632K, used 5327K [0x00000000eab00000, 0x00000000eb180000, 0x0000000100000000)
  eden space 4608K, 98% used [0x00000000eab00000,0x00000000eaf73fb8,0x00000000eaf80000)
  from space 1024K, 75% used [0x00000000eb080000,0x00000000eb140000,0x00000000eb180000)
  to   space 1024K, 0% used [0x00000000eaf80000,0x00000000eaf80000,0x00000000eb080000)
 ParOldGen       total 406528K, used 184416K [0x00000000c0000000, 0x00000000d8d00000, 0x00000000eab00000)
  object space 406528K, 45% used [0x00000000c0000000,0x00000000cb418320,0x00000000d8d00000)
 Metaspace       used 59970K, committed 61312K, reserved 1114112K
  class space    used 6286K, committed 6848K, reserved 1048576K
}
Event: 46.429 GC heap after
{Heap after GC invocations=264 (full 3):
 PSYoungGen      total 5632K, used 780K [0x00000000eab00000, 0x00000000eb180000, 0x0000000100000000)
  eden space 4608K, 0% used [0x00000000eab00000,0x00000000eab00000,0x00000000eaf80000)
  from space 1024K, 76% used [0x00000000eaf80000,0x00000000eb043008,0x00000000eb080000)
  to   space 1024K, 0% used [0x00000000eb080000,0x00000000eb080000,0x00000000eb180000)
 ParOldGen       total 406528K, used 185095K [0x00000000c0000000, 0x00000000d8d00000, 0x00000000eab00000)
  object space 406528K, 45% used [0x00000000c0000000,0x00000000cb4c1db8,0x00000000d8d00000)
 Metaspace       used 59970K, committed 61312K, reserved 1114112K
  class space    used 6286K, committed 6848K, reserved 1048576K
}
Event: 46.482 GC heap before
{Heap before GC invocations=265 (full 3):
 PSYoungGen      total 5632K, used 5383K [0x00000000eab00000, 0x00000000eb180000, 0x0000000100000000)
  eden space 4608K, 99% used [0x00000000eab00000,0x00000000eaf7efb0,0x00000000eaf80000)
  from space 1024K, 76% used [0x00000000eaf80000,0x00000000eb043008,0x00000000eb080000)
  to   space 1024K, 0% used [0x00000000eb080000,0x00000000eb080000,0x00000000eb180000)
 ParOldGen       total 406528K, used 185095K [0x00000000c0000000, 0x00000000d8d00000, 0x00000000eab00000)
  object space 406528K, 45% used [0x00000000c0000000,0x00000000cb4c1db8,0x00000000d8d00000)
 Metaspace       used 60114K, committed 61504K, reserved 1114112K
  class space    used 6297K, committed 6912K, reserved 1048576K
}
Event: 46.487 GC heap after
{Heap after GC invocations=265 (full 3):
 PSYoungGen      total 4608K, used 992K [0x00000000eab00000, 0x00000000eb380000, 0x0000000100000000)
  eden space 3584K, 0% used [0x00000000eab00000,0x00000000eab00000,0x00000000eae80000)
  from space 1024K, 96% used [0x00000000eb080000,0x00000000eb178020,0x00000000eb180000)
  to   space 2048K, 0% used [0x00000000eae80000,0x00000000eae80000,0x00000000eb080000)
 ParOldGen       total 406528K, used 185907K [0x00000000c0000000, 0x00000000d8d00000, 0x00000000eab00000)
  object space 406528K, 45% used [0x00000000c0000000,0x00000000cb58cdc0,0x00000000d8d00000)
 Metaspace       used 60114K, committed 61504K, reserved 1114112K
  class space    used 6297K, committed 6912K, reserved 1048576K
}

