# JRE version: OpenJDK Runtime Environment Temurin-21.0.6+7 (21.0.6+7) (build 21.0.6+7-LTS)
# Java VM: OpenJDK 64-Bit Server VM Temurin-21.0.6+7 (21.0.6+7-LTS, mixed mode, sharing, tiered, compressed oops, compressed class ptrs, parallel gc, windows-amd64)
GC Precious Log:
 CardTable entry size: 512
 CPUs: 8 total, 8 available
 Memory: 3429M
 Large Page Support: Disabled
 NUMA Support: Disabled
 Compressed Oops: Enabled (32-bit)
 Alignments: Space 512K, Generation 512K, Heap 2M
 Heap Min Capacity: 100M
 Heap Initial Capacity: 100M
 Heap Max Capacity: 1G
 Pre-touch: Disabled
 Parallel Workers: 8
Heap:
 PSYoungGen      total 3584K, used 3216K [0x00000000eab00000, 0x00000000eaf80000, 0x0000000100000000)
  eden space 2560K, 100% used [0x00000000eab00000,0x00000000ead80000,0x00000000ead80000)
  from space 1024K, 64% used [0x00000000ead80000,0x00000000eae24010,0x00000000eae80000)
  to   space 1024K, 0% used [0x00000000eae80000,0x00000000eae80000,0x00000000eaf80000)
 ParOldGen       total 168448K, used 168087K [0x00000000c0000000, 0x00000000ca480000, 0x00000000eab00000)
  object space 168448K, 99% used [0x00000000c0000000,0x00000000ca425e10,0x00000000ca480000)
 Metaspace       used 58267K, committed 59584K, reserved 1114112K
  class space    used 6013K, committed 6592K, reserved 1048576K
GC Heap History (20 events):
Event: 17.842 GC heap before
{Heap before GC invocations=168 (full 2):
 PSYoungGen      total 3584K, used 3170K [0x00000000eab00000, 0x00000000eaf80000, 0x0000000100000000)
  eden space 2560K, 100% used [0x00000000eab00000,0x00000000ead80000,0x00000000ead80000)
  from space 1024K, 59% used [0x00000000ead80000,0x00000000eae189e0,0x00000000eae80000)
  to   space 1024K, 0% used [0x00000000eae80000,0x00000000eae80000,0x00000000eaf80000)
 ParOldGen       total 164352K, used 163981K [0x00000000c0000000, 0x00000000ca080000, 0x00000000eab00000)
  object space 164352K, 99% used [0x00000000c0000000,0x00000000ca0237c8,0x00000000ca080000)
 Metaspace       used 58020K, committed 59328K, reserved 1114112K
  class space    used 6000K, committed 6592K, reserved 1048576K
}
Event: 17.844 GC heap after
{Heap after GC invocations=168 (full 2):
 PSYoungGen      total 3072K, used 401K [0x00000000eab00000, 0x00000000eaf00000, 0x0000000100000000)
  eden space 2560K, 0% used [0x00000000eab00000,0x00000000eab00000,0x00000000ead80000)
  from space 512K, 78% used [0x00000000eae80000,0x00000000eaee4528,0x00000000eaf00000)
  to   space 512K, 0% used [0x00000000eae00000,0x00000000eae00000,0x00000000eae80000)
 ParOldGen       total 164864K, used 164395K [0x00000000c0000000, 0x00000000ca100000, 0x00000000eab00000)
  object space 164864K, 99% used [0x00000000c0000000,0x00000000ca08acd8,0x00000000ca100000)
 Metaspace       used 58020K, committed 59328K, reserved 1114112K
  class space    used 6000K, committed 6592K, reserved 1048576K
}
Event: 17.889 GC heap before
{Heap before GC invocations=169 (full 2):
 PSYoungGen      total 3072K, used 2961K [0x00000000eab00000, 0x00000000eaf00000, 0x0000000100000000)
  eden space 2560K, 100% used [0x00000000eab00000,0x00000000ead80000,0x00000000ead80000)
  from space 512K, 78% used [0x00000000eae80000,0x00000000eaee4528,0x00000000eaf00000)
  to   space 512K, 0% used [0x00000000eae00000,0x00000000eae00000,0x00000000eae80000)
 ParOldGen       total 164864K, used 164395K [0x00000000c0000000, 0x00000000ca100000, 0x00000000eab00000)
  object space 164864K, 99% used [0x00000000c0000000,0x00000000ca08acd8,0x00000000ca100000)
 Metaspace       used 58070K, committed 59392K, reserved 1114112K
  class space    used 6012K, committed 6592K, reserved 1048576K
}
Event: 17.891 GC heap after
{Heap after GC invocations=169 (full 2):
 PSYoungGen      total 3072K, used 480K [0x00000000eab00000, 0x00000000eaf00000, 0x0000000100000000)
  eden space 2560K, 0% used [0x00000000eab00000,0x00000000eab00000,0x00000000ead80000)
  from space 512K, 93% used [0x00000000eae00000,0x00000000eae78000,0x00000000eae80000)
  to   space 512K, 0% used [0x00000000eae80000,0x00000000eae80000,0x00000000eaf00000)
 ParOldGen       total 164864K, used 164652K [0x00000000c0000000, 0x00000000ca100000, 0x00000000eab00000)
  object space 164864K, 99% used [0x00000000c0000000,0x00000000ca0cb200,0x00000000ca100000)
 Metaspace       used 58070K, committed 59392K, reserved 1114112K
  class space    used 6012K, committed 6592K, reserved 1048576K
}
Event: 17.930 GC heap before
{Heap before GC invocations=170 (full 2):
 PSYoungGen      total 3072K, used 3040K [0x00000000eab00000, 0x00000000eaf00000, 0x0000000100000000)
  eden space 2560K, 100% used [0x00000000eab00000,0x00000000ead80000,0x00000000ead80000)
  from space 512K, 93% used [0x00000000eae00000,0x00000000eae78000,0x00000000eae80000)
  to   space 512K, 0% used [0x00000000eae80000,0x00000000eae80000,0x00000000eaf00000)
 ParOldGen       total 164864K, used 164652K [0x00000000c0000000, 0x00000000ca100000, 0x00000000eab00000)
  object space 164864K, 99% used [0x00000000c0000000,0x00000000ca0cb200,0x00000000ca100000)
 Metaspace       used 58089K, committed 59392K, reserved 1114112K
  class space    used 6013K, committed 6592K, reserved 1048576K
}
Event: 17.933 GC heap after
{Heap after GC invocations=170 (full 2):
 PSYoungGen      total 3072K, used 448K [0x00000000eab00000, 0x00000000eaf00000, 0x0000000100000000)
  eden space 2560K, 0% used [0x00000000eab00000,0x00000000eab00000,0x00000000ead80000)
  from space 512K, 87% used [0x00000000eae80000,0x00000000eaef0000,0x00000000eaf00000)
  to   space 512K, 0% used [0x00000000eae00000,0x00000000eae00000,0x00000000eae80000)
 ParOldGen       total 165376K, used 164957K [0x00000000c0000000, 0x00000000ca180000, 0x00000000eab00000)
  object space 165376K, 99% used [0x00000000c0000000,0x00000000ca117458,0x00000000ca180000)
 Metaspace       used 58089K, committed 59392K, reserved 1114112K
  class space    used 6013K, committed 6592K, reserved 1048576K
}
Event: 17.965 GC heap before
{Heap before GC invocations=171 (full 2):
 PSYoungGen      total 3072K, used 3004K [0x00000000eab00000, 0x00000000eaf00000, 0x0000000100000000)
  eden space 2560K, 99% used [0x00000000eab00000,0x00000000ead7f2d0,0x00000000ead80000)
  from space 512K, 87% used [0x00000000eae80000,0x00000000eaef0000,0x00000000eaf00000)
  to   space 512K, 0% used [0x00000000eae00000,0x00000000eae00000,0x00000000eae80000)
 ParOldGen       total 165376K, used 164957K [0x00000000c0000000, 0x00000000ca180000, 0x00000000eab00000)
  object space 165376K, 99% used [0x00000000c0000000,0x00000000ca117458,0x00000000ca180000)
 Metaspace       used 58093K, committed 59392K, reserved 1114112K
  class space    used 6013K, committed 6592K, reserved 1048576K
}
Event: 17.969 GC heap after
{Heap after GC invocations=171 (full 2):
 PSYoungGen      total 3072K, used 501K [0x00000000eab00000, 0x00000000eaf80000, 0x0000000100000000)
  eden space 2560K, 0% used [0x00000000eab00000,0x00000000eab00000,0x00000000ead80000)
  from space 512K, 98% used [0x00000000eae00000,0x00000000eae7d740,0x00000000eae80000)
  to   space 1024K, 0% used [0x00000000eae80000,0x00000000eae80000,0x00000000eaf80000)
 ParOldGen       total 165376K, used 165275K [0x00000000c0000000, 0x00000000ca180000, 0x00000000eab00000)
  object space 165376K, 99% used [0x00000000c0000000,0x00000000ca166f20,0x00000000ca180000)
 Metaspace       used 58093K, committed 59392K, reserved 1114112K
  class space    used 6013K, committed 6592K, reserved 1048576K
}
Event: 17.994 GC heap before
{Heap before GC invocations=172 (full 2):
 PSYoungGen      total 3072K, used 3061K [0x00000000eab00000, 0x00000000eaf80000, 0x0000000100000000)
  eden space 2560K, 100% used [0x00000000eab00000,0x00000000ead80000,0x00000000ead80000)
  from space 512K, 98% used [0x00000000eae00000,0x00000000eae7d740,0x00000000eae80000)
  to   space 1024K, 0% used [0x00000000eae80000,0x00000000eae80000,0x00000000eaf80000)
 ParOldGen       total 165376K, used 165275K [0x00000000c0000000, 0x00000000ca180000, 0x00000000eab00000)
  object space 165376K, 99% used [0x00000000c0000000,0x00000000ca166f20,0x00000000ca180000)
 Metaspace       used 58108K, committed 59392K, reserved 1114112K
  class space    used 6013K, committed 6592K, reserved 1048576K
}
Event: 17.997 GC heap after
{Heap after GC invocations=172 (full 2):
 PSYoungGen      total 3584K, used 544K [0x00000000eab00000, 0x00000000eaf80000, 0x0000000100000000)
  eden space 2560K, 0% used [0x00000000eab00000,0x00000000eab00000,0x00000000ead80000)
  from space 1024K, 53% used [0x00000000eae80000,0x00000000eaf08000,0x00000000eaf80000)
  to   space 1024K, 0% used [0x00000000ead80000,0x00000000ead80000,0x00000000eae80000)
 ParOldGen       total 165888K, used 165723K [0x00000000c0000000, 0x00000000ca200000, 0x00000000eab00000)
  object space 165888K, 99% used [0x00000000c0000000,0x00000000ca1d6f20,0x00000000ca200000)
 Metaspace       used 58108K, committed 59392K, reserved 1114112K
  class space    used 6013K, committed 6592K, reserved 1048576K
}
Event: 18.027 GC heap before
{Heap before GC invocations=173 (full 2):
 PSYoungGen      total 3584K, used 3104K [0x00000000eab00000, 0x00000000eaf80000, 0x0000000100000000)
  eden space 2560K, 100% used [0x00000000eab00000,0x00000000ead80000,0x00000000ead80000)
  from space 1024K, 53% used [0x00000000eae80000,0x00000000eaf08000,0x00000000eaf80000)
  to   space 1024K, 0% used [0x00000000ead80000,0x00000000ead80000,0x00000000eae80000)
 ParOldGen       total 165888K, used 165723K [0x00000000c0000000, 0x00000000ca200000, 0x00000000eab00000)
  object space 165888K, 99% used [0x00000000c0000000,0x00000000ca1d6f20,0x00000000ca200000)
 Metaspace       used 58122K, committed 59456K, reserved 1114112K
  class space    used 6013K, committed 6592K, reserved 1048576K
}
Event: 18.030 GC heap after
{Heap after GC invocations=173 (full 2):
 PSYoungGen      total 3584K, used 512K [0x00000000eab00000, 0x00000000eaf80000, 0x0000000100000000)
  eden space 2560K, 0% used [0x00000000eab00000,0x00000000eab00000,0x00000000ead80000)
  from space 1024K, 50% used [0x00000000ead80000,0x00000000eae00000,0x00000000eae80000)
  to   space 1024K, 0% used [0x00000000eae80000,0x00000000eae80000,0x00000000eaf80000)
 ParOldGen       total 166400K, used 166062K [0x00000000c0000000, 0x00000000ca280000, 0x00000000eab00000)
  object space 166400K, 99% used [0x00000000c0000000,0x00000000ca22b930,0x00000000ca280000)
 Metaspace       used 58122K, committed 59456K, reserved 1114112K
  class space    used 6013K, committed 6592K, reserved 1048576K
}
Event: 18.058 GC heap before
{Heap before GC invocations=174 (full 2):
 PSYoungGen      total 3584K, used 3071K [0x00000000eab00000, 0x00000000eaf80000, 0x0000000100000000)
  eden space 2560K, 99% used [0x00000000eab00000,0x00000000ead7ffd8,0x00000000ead80000)
  from space 1024K, 50% used [0x00000000ead80000,0x00000000eae00000,0x00000000eae80000)
  to   space 1024K, 0% used [0x00000000eae80000,0x00000000eae80000,0x00000000eaf80000)
 ParOldGen       total 166400K, used 166062K [0x00000000c0000000, 0x00000000ca280000, 0x00000000eab00000)
  object space 166400K, 99% used [0x00000000c0000000,0x00000000ca22b930,0x00000000ca280000)
 Metaspace       used 58139K, committed 59520K, reserved 1114112K
  class space    used 6013K, committed 6592K, reserved 1048576K
}
Event: 18.060 GC heap after
{Heap after GC invocations=174 (full 2):
 PSYoungGen      total 3072K, used 320K [0x00000000eab00000, 0x00000000eaf00000, 0x0000000100000000)
  eden space 2560K, 0% used [0x00000000eab00000,0x00000000eab00000,0x00000000ead80000)
  from space 512K, 62% used [0x00000000eae80000,0x00000000eaed0000,0x00000000eaf00000)
  to   space 512K, 0% used [0x00000000eae00000,0x00000000eae00000,0x00000000eae80000)
 ParOldGen       total 166912K, used 166454K [0x00000000c0000000, 0x00000000ca300000, 0x00000000eab00000)
  object space 166912K, 99% used [0x00000000c0000000,0x00000000ca28d930,0x00000000ca300000)
 Metaspace       used 58139K, committed 59520K, reserved 1114112K
  class space    used 6013K, committed 6592K, reserved 1048576K
}
Event: 18.086 GC heap before
{Heap before GC invocations=175 (full 2):
 PSYoungGen      total 3072K, used 2880K [0x00000000eab00000, 0x00000000eaf00000, 0x0000000100000000)
  eden space 2560K, 100% used [0x00000000eab00000,0x00000000ead80000,0x00000000ead80000)
  from space 512K, 62% used [0x00000000eae80000,0x00000000eaed0000,0x00000000eaf00000)
  to   space 512K, 0% used [0x00000000eae00000,0x00000000eae00000,0x00000000eae80000)
 ParOldGen       total 166912K, used 166454K [0x00000000c0000000, 0x00000000ca300000, 0x00000000eab00000)
  object space 166912K, 99% used [0x00000000c0000000,0x00000000ca28d930,0x00000000ca300000)
 Metaspace       used 58158K, committed 59520K, reserved 1114112K
  class space    used 6013K, committed 6592K, reserved 1048576K
}
Event: 18.089 GC heap after
{Heap after GC invocations=175 (full 2):
 PSYoungGen      total 3072K, used 512K [0x00000000eab00000, 0x00000000eaf80000, 0x0000000100000000)
  eden space 2560K, 0% used [0x00000000eab00000,0x00000000eab00000,0x00000000ead80000)
  from space 512K, 100% used [0x00000000eae00000,0x00000000eae80000,0x00000000eae80000)
  to   space 1024K, 0% used [0x00000000eae80000,0x00000000eae80000,0x00000000eaf80000)
 ParOldGen       total 166912K, used 166630K [0x00000000c0000000, 0x00000000ca300000, 0x00000000eab00000)
  object space 166912K, 99% used [0x00000000c0000000,0x00000000ca2b9930,0x00000000ca300000)
 Metaspace       used 58158K, committed 59520K, reserved 1114112K
  class space    used 6013K, committed 6592K, reserved 1048576K
}
Event: 18.121 GC heap before
{Heap before GC invocations=176 (full 2):
 PSYoungGen      total 3072K, used 3071K [0x00000000eab00000, 0x00000000eaf80000, 0x0000000100000000)
  eden space 2560K, 99% used [0x00000000eab00000,0x00000000ead7fff0,0x00000000ead80000)
  from space 512K, 100% used [0x00000000eae00000,0x00000000eae80000,0x00000000eae80000)
  to   space 1024K, 0% used [0x00000000eae80000,0x00000000eae80000,0x00000000eaf80000)
 ParOldGen       total 166912K, used 166630K [0x00000000c0000000, 0x00000000ca300000, 0x00000000eab00000)
  object space 166912K, 99% used [0x00000000c0000000,0x00000000ca2b9930,0x00000000ca300000)
 Metaspace       used 58174K, committed 59520K, reserved 1114112K
  class space    used 6013K, committed 6592K, reserved 1048576K
}
Event: 18.124 GC heap after
{Heap after GC invocations=176 (full 2):
 PSYoungGen      total 3584K, used 531K [0x00000000eab00000, 0x00000000eaf80000, 0x0000000100000000)
  eden space 2560K, 0% used [0x00000000eab00000,0x00000000eab00000,0x00000000ead80000)
  from space 1024K, 51% used [0x00000000eae80000,0x00000000eaf04fc0,0x00000000eaf80000)
  to   space 1024K, 0% used [0x00000000ead80000,0x00000000ead80000,0x00000000eae80000)
 ParOldGen       total 166912K, used 166848K [0x00000000c0000000, 0x00000000ca300000, 0x00000000eab00000)
  object space 166912K, 99% used [0x00000000c0000000,0x00000000ca2f0148,0x00000000ca300000)
 Metaspace       used 58174K, committed 59520K, reserved 1114112K
  class space    used 6013K, committed 6592K, reserved 1048576K
}
Event: 18.153 GC heap before
{Heap before GC invocations=177 (full 2):
 PSYoungGen      total 3584K, used 3091K [0x00000000eab00000, 0x00000000eaf80000, 0x0000000100000000)
  eden space 2560K, 100% used [0x00000000eab00000,0x00000000ead80000,0x00000000ead80000)
  from space 1024K, 51% used [0x00000000eae80000,0x00000000eaf04fc0,0x00000000eaf80000)
  to   space 1024K, 0% used [0x00000000ead80000,0x00000000ead80000,0x00000000eae80000)
 ParOldGen       total 166912K, used 166848K [0x00000000c0000000, 0x00000000ca300000, 0x00000000eab00000)
  object space 166912K, 99% used [0x00000000c0000000,0x00000000ca2f0148,0x00000000ca300000)
 Metaspace       used 58200K, committed 59520K, reserved 1114112K
  class space    used 6013K, committed 6592K, reserved 1048576K
}
Event: 18.155 GC heap after
{Heap after GC invocations=177 (full 2):
 PSYoungGen      total 3584K, used 595K [0x00000000eab00000, 0x00000000eaf80000, 0x0000000100000000)
  eden space 2560K, 0% used [0x00000000eab00000,0x00000000eab00000,0x00000000ead80000)
  from space 1024K, 58% used [0x00000000ead80000,0x00000000eae14fc0,0x00000000eae80000)
  to   space 1024K, 0% used [0x00000000eae80000,0x00000000eae80000,0x00000000eaf80000)
 ParOldGen       total 167424K, used 167181K [0x00000000c0000000, 0x00000000ca380000, 0x00000000eab00000)
  object space 167424K, 99% used [0x00000000c0000000,0x00000000ca343738,0x00000000ca380000)
 Metaspace       used 58200K, committed 59520K, reserved 1114112K
  class space    used 6013K, committed 6592K, reserved 1048576K
}

