# JRE version: OpenJDK Runtime Environment Temurin-21.0.6+7 (21.0.6+7) (build 21.0.6+7-LTS)
# Java VM: OpenJDK 64-Bit Server VM Temurin-21.0.6+7 (21.0.6+7-LTS, mixed mode, sharing, tiered, compressed oops, compressed class ptrs, parallel gc, windows-amd64)
GC Precious Log:
 CardTable entry size: 512
 CPUs: 8 total, 8 available
 Memory: 3429M
 Large Page Support: Disabled
 NUMA Support: Disabled
 Compressed Oops: Enabled (32-bit)
 Alignments: Space 512K, Generation 512K, Heap 2M
 Heap Min Capacity: 100M
 Heap Initial Capacity: 100M
 Heap Max Capacity: 1G
 Pre-touch: Disabled
 Parallel Workers: 8
Heap:
 PSYoungGen      total 16896K, used 16816K [0x00000000eab00000, 0x00000000ec080000, 0x0000000100000000)
  eden space 13824K, 100% used [0x00000000eab00000,0x00000000eb880000,0x00000000eb880000)
  from space 3072K, 97% used [0x00000000ebd80000,0x00000000ec06c278,0x00000000ec080000)
  to   space 3584K, 73% used [0x00000000eb980000,0x00000000ebc11178,0x00000000ebd00000)
 ParOldGen       total 94208K, used 93830K [0x00000000c0000000, 0x00000000c5c00000, 0x00000000eab00000)
  object space 94208K, 99% used [0x00000000c0000000,0x00000000c5ba1bd8,0x00000000c5c00000)
 Metaspace       used 52990K, committed 54208K, reserved 1114112K
  class space    used 5580K, committed 6144K, reserved 1048576K
GC Heap History (20 events):
Event: 11.817 GC heap after
{Heap after GC invocations=38 (full 2):
 PSYoungGen      total 20480K, used 3191K [0x00000000eab00000, 0x00000000ec580000, 0x0000000100000000)
  eden space 16896K, 0% used [0x00000000eab00000,0x00000000eab00000,0x00000000ebb80000)
  from space 3584K, 89% used [0x00000000ec200000,0x00000000ec51dee0,0x00000000ec580000)
  to   space 4608K, 0% used [0x00000000ebc80000,0x00000000ebc80000,0x00000000ec100000)
 ParOldGen       total 68608K, used 66066K [0x00000000c0000000, 0x00000000c4300000, 0x00000000eab00000)
  object space 68608K, 96% used [0x00000000c0000000,0x00000000c4084810,0x00000000c4300000)
 Metaspace       used 51313K, committed 52608K, reserved 1114112K
  class space    used 5464K, committed 6080K, reserved 1048576K
}
Event: 11.940 GC heap before
{Heap before GC invocations=39 (full 2):
 PSYoungGen      total 20480K, used 20087K [0x00000000eab00000, 0x00000000ec580000, 0x0000000100000000)
  eden space 16896K, 100% used [0x00000000eab00000,0x00000000ebb80000,0x00000000ebb80000)
  from space 3584K, 89% used [0x00000000ec200000,0x00000000ec51dee0,0x00000000ec580000)
  to   space 4608K, 0% used [0x00000000ebc80000,0x00000000ebc80000,0x00000000ec100000)
 ParOldGen       total 68608K, used 66066K [0x00000000c0000000, 0x00000000c4300000, 0x00000000eab00000)
  object space 68608K, 96% used [0x00000000c0000000,0x00000000c4084810,0x00000000c4300000)
 Metaspace       used 51596K, committed 52864K, reserved 1114112K
  class space    used 5486K, committed 6080K, reserved 1048576K
}
Event: 11.946 GC heap after
{Heap after GC invocations=39 (full 2):
 PSYoungGen      total 19968K, used 3064K [0x00000000eab00000, 0x00000000ec280000, 0x0000000100000000)
  eden space 16896K, 0% used [0x00000000eab00000,0x00000000eab00000,0x00000000ebb80000)
  from space 3072K, 99% used [0x00000000ebc80000,0x00000000ebf7e308,0x00000000ebf80000)
  to   space 3072K, 0% used [0x00000000ebf80000,0x00000000ebf80000,0x00000000ec280000)
 ParOldGen       total 69120K, used 68946K [0x00000000c0000000, 0x00000000c4380000, 0x00000000eab00000)
  object space 69120K, 99% used [0x00000000c0000000,0x00000000c4354b80,0x00000000c4380000)
 Metaspace       used 51596K, committed 52864K, reserved 1114112K
  class space    used 5486K, committed 6080K, reserved 1048576K
}
Event: 12.060 GC heap before
{Heap before GC invocations=40 (full 2):
 PSYoungGen      total 19968K, used 19960K [0x00000000eab00000, 0x00000000ec280000, 0x0000000100000000)
  eden space 16896K, 100% used [0x00000000eab00000,0x00000000ebb80000,0x00000000ebb80000)
  from space 3072K, 99% used [0x00000000ebc80000,0x00000000ebf7e308,0x00000000ebf80000)
  to   space 3072K, 0% used [0x00000000ebf80000,0x00000000ebf80000,0x00000000ec280000)
 ParOldGen       total 69120K, used 68946K [0x00000000c0000000, 0x00000000c4380000, 0x00000000eab00000)
  object space 69120K, 99% used [0x00000000c0000000,0x00000000c4354b80,0x00000000c4380000)
 Metaspace       used 51809K, committed 53056K, reserved 1114112K
  class space    used 5505K, committed 6080K, reserved 1048576K
}
Event: 12.066 GC heap after
{Heap after GC invocations=40 (full 2):
 PSYoungGen      total 16896K, used 3058K [0x00000000eab00000, 0x00000000ec980000, 0x0000000100000000)
  eden space 13824K, 0% used [0x00000000eab00000,0x00000000eab00000,0x00000000eb880000)
  from space 3072K, 99% used [0x00000000ebf80000,0x00000000ec27c850,0x00000000ec280000)
  to   space 7168K, 0% used [0x00000000eb880000,0x00000000eb880000,0x00000000ebf80000)
 ParOldGen       total 72704K, used 72450K [0x00000000c0000000, 0x00000000c4700000, 0x00000000eab00000)
  object space 72704K, 99% used [0x00000000c0000000,0x00000000c46c0b48,0x00000000c4700000)
 Metaspace       used 51809K, committed 53056K, reserved 1114112K
  class space    used 5505K, committed 6080K, reserved 1048576K
}
Event: 12.142 GC heap before
{Heap before GC invocations=41 (full 2):
 PSYoungGen      total 16896K, used 16882K [0x00000000eab00000, 0x00000000ec980000, 0x0000000100000000)
  eden space 13824K, 100% used [0x00000000eab00000,0x00000000eb880000,0x00000000eb880000)
  from space 3072K, 99% used [0x00000000ebf80000,0x00000000ec27c850,0x00000000ec280000)
  to   space 7168K, 0% used [0x00000000eb880000,0x00000000eb880000,0x00000000ebf80000)
 ParOldGen       total 72704K, used 72450K [0x00000000c0000000, 0x00000000c4700000, 0x00000000eab00000)
  object space 72704K, 99% used [0x00000000c0000000,0x00000000c46c0b48,0x00000000c4700000)
 Metaspace       used 52102K, committed 53376K, reserved 1114112K
  class space    used 5533K, committed 6144K, reserved 1048576K
}
Event: 12.148 GC heap after
{Heap after GC invocations=41 (full 2):
 PSYoungGen      total 16896K, used 2995K [0x00000000eab00000, 0x00000000ec180000, 0x0000000100000000)
  eden space 13824K, 0% used [0x00000000eab00000,0x00000000eab00000,0x00000000eb880000)
  from space 3072K, 97% used [0x00000000eb880000,0x00000000ebb6cd98,0x00000000ebb80000)
  to   space 4608K, 0% used [0x00000000ebd00000,0x00000000ebd00000,0x00000000ec180000)
 ParOldGen       total 75776K, used 75297K [0x00000000c0000000, 0x00000000c4a00000, 0x00000000eab00000)
  object space 75776K, 99% used [0x00000000c0000000,0x00000000c4988440,0x00000000c4a00000)
 Metaspace       used 52102K, committed 53376K, reserved 1114112K
  class space    used 5533K, committed 6144K, reserved 1048576K
}
Event: 12.207 GC heap before
{Heap before GC invocations=42 (full 2):
 PSYoungGen      total 16896K, used 16819K [0x00000000eab00000, 0x00000000ec180000, 0x0000000100000000)
  eden space 13824K, 100% used [0x00000000eab00000,0x00000000eb880000,0x00000000eb880000)
  from space 3072K, 97% used [0x00000000eb880000,0x00000000ebb6cd98,0x00000000ebb80000)
  to   space 4608K, 0% used [0x00000000ebd00000,0x00000000ebd00000,0x00000000ec180000)
 ParOldGen       total 75776K, used 75297K [0x00000000c0000000, 0x00000000c4a00000, 0x00000000eab00000)
  object space 75776K, 99% used [0x00000000c0000000,0x00000000c4988440,0x00000000c4a00000)
 Metaspace       used 52112K, committed 53376K, reserved 1114112K
  class space    used 5535K, committed 6144K, reserved 1048576K
}
Event: 12.212 GC heap after
{Heap after GC invocations=42 (full 2):
 PSYoungGen      total 17408K, used 3450K [0x00000000eab00000, 0x00000000ec080000, 0x0000000100000000)
  eden space 13824K, 0% used [0x00000000eab00000,0x00000000eab00000,0x00000000eb880000)
  from space 3584K, 96% used [0x00000000ebd00000,0x00000000ec05eb70,0x00000000ec080000)
  to   space 3584K, 0% used [0x00000000eb980000,0x00000000eb980000,0x00000000ebd00000)
 ParOldGen       total 78336K, used 78199K [0x00000000c0000000, 0x00000000c4c80000, 0x00000000eab00000)
  object space 78336K, 99% used [0x00000000c0000000,0x00000000c4c5dde8,0x00000000c4c80000)
 Metaspace       used 52112K, committed 53376K, reserved 1114112K
  class space    used 5535K, committed 6144K, reserved 1048576K
}
Event: 12.251 GC heap before
{Heap before GC invocations=43 (full 2):
 PSYoungGen      total 17408K, used 17274K [0x00000000eab00000, 0x00000000ec080000, 0x0000000100000000)
  eden space 13824K, 100% used [0x00000000eab00000,0x00000000eb880000,0x00000000eb880000)
  from space 3584K, 96% used [0x00000000ebd00000,0x00000000ec05eb70,0x00000000ec080000)
  to   space 3584K, 0% used [0x00000000eb980000,0x00000000eb980000,0x00000000ebd00000)
 ParOldGen       total 78336K, used 78199K [0x00000000c0000000, 0x00000000c4c80000, 0x00000000eab00000)
  object space 78336K, 99% used [0x00000000c0000000,0x00000000c4c5dde8,0x00000000c4c80000)
 Metaspace       used 52112K, committed 53376K, reserved 1114112K
  class space    used 5535K, committed 6144K, reserved 1048576K
}
Event: 12.257 GC heap after
{Heap after GC invocations=43 (full 2):
 PSYoungGen      total 17408K, used 3572K [0x00000000eab00000, 0x00000000ec780000, 0x0000000100000000)
  eden space 13824K, 0% used [0x00000000eab00000,0x00000000eab00000,0x00000000eb880000)
  from space 3584K, 99% used [0x00000000eb980000,0x00000000ebcfd0d0,0x00000000ebd00000)
  to   space 7680K, 0% used [0x00000000ec000000,0x00000000ec000000,0x00000000ec780000)
 ParOldGen       total 81920K, used 81614K [0x00000000c0000000, 0x00000000c5000000, 0x00000000eab00000)
  object space 81920K, 99% used [0x00000000c0000000,0x00000000c4fb3b28,0x00000000c5000000)
 Metaspace       used 52112K, committed 53376K, reserved 1114112K
  class space    used 5535K, committed 6144K, reserved 1048576K
}
Event: 12.304 GC heap before
{Heap before GC invocations=44 (full 2):
 PSYoungGen      total 17408K, used 17396K [0x00000000eab00000, 0x00000000ec780000, 0x0000000100000000)
  eden space 13824K, 100% used [0x00000000eab00000,0x00000000eb880000,0x00000000eb880000)
  from space 3584K, 99% used [0x00000000eb980000,0x00000000ebcfd0d0,0x00000000ebd00000)
  to   space 7680K, 0% used [0x00000000ec000000,0x00000000ec000000,0x00000000ec780000)
 ParOldGen       total 81920K, used 81614K [0x00000000c0000000, 0x00000000c5000000, 0x00000000eab00000)
  object space 81920K, 99% used [0x00000000c0000000,0x00000000c4fb3b28,0x00000000c5000000)
 Metaspace       used 52115K, committed 53376K, reserved 1114112K
  class space    used 5535K, committed 6144K, reserved 1048576K
}
Event: 12.309 GC heap after
{Heap after GC invocations=44 (full 2):
 PSYoungGen      total 17920K, used 3799K [0x00000000eab00000, 0x00000000ec400000, 0x0000000100000000)
  eden space 13824K, 0% used [0x00000000eab00000,0x00000000eab00000,0x00000000eb880000)
  from space 4096K, 92% used [0x00000000ec000000,0x00000000ec3b5d90,0x00000000ec400000)
  to   space 5120K, 0% used [0x00000000eba00000,0x00000000eba00000,0x00000000ebf00000)
 ParOldGen       total 85504K, used 85064K [0x00000000c0000000, 0x00000000c5380000, 0x00000000eab00000)
  object space 85504K, 99% used [0x00000000c0000000,0x00000000c53122a0,0x00000000c5380000)
 Metaspace       used 52115K, committed 53376K, reserved 1114112K
  class space    used 5535K, committed 6144K, reserved 1048576K
}
Event: 12.373 GC heap before
{Heap before GC invocations=45 (full 2):
 PSYoungGen      total 17920K, used 17623K [0x00000000eab00000, 0x00000000ec400000, 0x0000000100000000)
  eden space 13824K, 100% used [0x00000000eab00000,0x00000000eb880000,0x00000000eb880000)
  from space 4096K, 92% used [0x00000000ec000000,0x00000000ec3b5d90,0x00000000ec400000)
  to   space 5120K, 0% used [0x00000000eba00000,0x00000000eba00000,0x00000000ebf00000)
 ParOldGen       total 85504K, used 85064K [0x00000000c0000000, 0x00000000c5380000, 0x00000000eab00000)
  object space 85504K, 99% used [0x00000000c0000000,0x00000000c53122a0,0x00000000c5380000)
 Metaspace       used 52616K, committed 53888K, reserved 1114112K
  class space    used 5558K, committed 6144K, reserved 1048576K
}
Event: 12.379 GC heap after
{Heap after GC invocations=45 (full 2):
 PSYoungGen      total 17408K, used 3376K [0x00000000eab00000, 0x00000000ec080000, 0x0000000100000000)
  eden space 13824K, 0% used [0x00000000eab00000,0x00000000eab00000,0x00000000eb880000)
  from space 3584K, 94% used [0x00000000eba00000,0x00000000ebd4c378,0x00000000ebd80000)
  to   space 3072K, 0% used [0x00000000ebd80000,0x00000000ebd80000,0x00000000ec080000)
 ParOldGen       total 89088K, used 88617K [0x00000000c0000000, 0x00000000c5700000, 0x00000000eab00000)
  object space 89088K, 99% used [0x00000000c0000000,0x00000000c568a598,0x00000000c5700000)
 Metaspace       used 52616K, committed 53888K, reserved 1114112K
  class space    used 5558K, committed 6144K, reserved 1048576K
}
Event: 12.434 GC heap before
{Heap before GC invocations=46 (full 2):
 PSYoungGen      total 17408K, used 17200K [0x00000000eab00000, 0x00000000ec080000, 0x0000000100000000)
  eden space 13824K, 100% used [0x00000000eab00000,0x00000000eb880000,0x00000000eb880000)
  from space 3584K, 94% used [0x00000000eba00000,0x00000000ebd4c378,0x00000000ebd80000)
  to   space 3072K, 0% used [0x00000000ebd80000,0x00000000ebd80000,0x00000000ec080000)
 ParOldGen       total 89088K, used 88617K [0x00000000c0000000, 0x00000000c5700000, 0x00000000eab00000)
  object space 89088K, 99% used [0x00000000c0000000,0x00000000c568a598,0x00000000c5700000)
 Metaspace       used 52973K, committed 54208K, reserved 1114112K
  class space    used 5580K, committed 6144K, reserved 1048576K
}
Event: 12.440 GC heap after
{Heap after GC invocations=46 (full 2):
 PSYoungGen      total 16896K, used 2992K [0x00000000eab00000, 0x00000000ec080000, 0x0000000100000000)
  eden space 13824K, 0% used [0x00000000eab00000,0x00000000eab00000,0x00000000eb880000)
  from space 3072K, 97% used [0x00000000ebd80000,0x00000000ec06c278,0x00000000ec080000)
  to   space 3584K, 0% used [0x00000000eb980000,0x00000000eb980000,0x00000000ebd00000)
 ParOldGen       total 92160K, used 91812K [0x00000000c0000000, 0x00000000c5a00000, 0x00000000eab00000)
  object space 92160K, 99% used [0x00000000c0000000,0x00000000c59a90e8,0x00000000c5a00000)
 Metaspace       used 52973K, committed 54208K, reserved 1114112K
  class space    used 5580K, committed 6144K, reserved 1048576K
}
Event: 12.471 GC heap before
{Heap before GC invocations=47 (full 2):
 PSYoungGen      total 16896K, used 16816K [0x00000000eab00000, 0x00000000ec080000, 0x0000000100000000)
  eden space 13824K, 100% used [0x00000000eab00000,0x00000000eb880000,0x00000000eb880000)
  from space 3072K, 97% used [0x00000000ebd80000,0x00000000ec06c278,0x00000000ec080000)
  to   space 3584K, 0% used [0x00000000eb980000,0x00000000eb980000,0x00000000ebd00000)
 ParOldGen       total 92160K, used 91812K [0x00000000c0000000, 0x00000000c5a00000, 0x00000000eab00000)
  object space 92160K, 99% used [0x00000000c0000000,0x00000000c59a90e8,0x00000000c5a00000)
 Metaspace       used 52990K, committed 54208K, reserved 1114112K
  class space    used 5580K, committed 6144K, reserved 1048576K
}
Event: 12.477 GC heap after
{Heap after GC invocations=47 (full 2):
 PSYoungGen      total 16896K, used 16816K [0x00000000eab00000, 0x00000000ec080000, 0x0000000100000000)
  eden space 13824K, 100% used [0x00000000eab00000,0x00000000eb880000,0x00000000eb880000)
  from space 3072K, 97% used [0x00000000ebd80000,0x00000000ec06c278,0x00000000ec080000)
  to   space 3584K, 73% used [0x00000000eb980000,0x00000000ebc11178,0x00000000ebd00000)
 ParOldGen       total 94208K, used 93830K [0x00000000c0000000, 0x00000000c5c00000, 0x00000000eab00000)
  object space 94208K, 99% used [0x00000000c0000000,0x00000000c5ba1bd8,0x00000000c5c00000)
 Metaspace       used 52990K, committed 54208K, reserved 1114112K
  class space    used 5580K, committed 6144K, reserved 1048576K
}
Event: 12.477 GC heap before
{Heap before GC invocations=48 (full 3):
 PSYoungGen      total 16896K, used 16816K [0x00000000eab00000, 0x00000000ec080000, 0x0000000100000000)
  eden space 13824K, 100% used [0x00000000eab00000,0x00000000eb880000,0x00000000eb880000)
  from space 3072K, 97% used [0x00000000ebd80000,0x00000000ec06c278,0x00000000ec080000)
  to   space 3584K, 73% used [0x00000000eb980000,0x00000000ebc11178,0x00000000ebd00000)
 ParOldGen       total 94208K, used 93830K [0x00000000c0000000, 0x00000000c5c00000, 0x00000000eab00000)
  object space 94208K, 99% used [0x00000000c0000000,0x00000000c5ba1bd8,0x00000000c5c00000)
 Metaspace       used 52990K, committed 54208K, reserved 1114112K
  class space    used 5580K, committed 6144K, reserved 1048576K
}

