# JRE version: OpenJDK Runtime Environment Temurin-21.0.6+7 (21.0.6+7) (build 21.0.6+7-LTS)
# Java VM: OpenJDK 64-Bit Server VM Temurin-21.0.6+7 (21.0.6+7-LTS, mixed mode, sharing, tiered, compressed oops, compressed class ptrs, parallel gc, windows-amd64)
GC Precious Log:
 CardTable entry size: 512
 CPUs: 8 total, 8 available
 Memory: 3429M
 Large Page Support: Disabled
 NUMA Support: Disabled
 Compressed Oops: Enabled (32-bit)
 Alignments: Space 512K, Generation 512K, Heap 2M
 Heap Min Capacity: 100M
 Heap Initial Capacity: 100M
 Heap Max Capacity: 1G
 Pre-touch: Disabled
 Parallel Workers: 8
Heap:
 PSYoungGen      total 17408K, used 6305K [0x00000000eab00000, 0x00000000ec780000, 0x0000000100000000)
  eden space 15360K, 27% used [0x00000000eab00000,0x00000000eaf2c7c8,0x00000000eba00000)
  from space 2048K, 99% used [0x00000000ebf80000,0x00000000ec17bd08,0x00000000ec180000)
  to   space 5632K, 0% used [0x00000000eba00000,0x00000000eba00000,0x00000000ebf80000)
 ParOldGen       total 68608K, used 61427K [0x00000000c0000000, 0x00000000c4300000, 0x00000000eab00000)
  object space 68608K, 89% used [0x00000000c0000000,0x00000000c3bfcc20,0x00000000c4300000)
 Metaspace       used 50727K, committed 51968K, reserved 1114112K
  class space    used 5419K, committed 6016K, reserved 1048576K
GC Heap History (20 events):
Event: 8.666 GC heap before
{Heap before GC invocations=27 (full 2):
 PSYoungGen      total 19456K, used 19445K [0x00000000eab00000, 0x00000000ec700000, 0x0000000100000000)
  eden space 17920K, 100% used [0x00000000eab00000,0x00000000ebc80000,0x00000000ebc80000)
  from space 1536K, 99% used [0x00000000ec080000,0x00000000ec1fd7e0,0x00000000ec200000)
  to   space 4096K, 0% used [0x00000000ebc80000,0x00000000ebc80000,0x00000000ec080000)
 ParOldGen       total 68608K, used 35486K [0x00000000c0000000, 0x00000000c4300000, 0x00000000eab00000)
  object space 68608K, 51% used [0x00000000c0000000,0x00000000c22a7ae0,0x00000000c4300000)
 Metaspace       used 44472K, committed 45696K, reserved 1114112K
  class space    used 4658K, committed 5248K, reserved 1048576K
}
Event: 8.669 GC heap after
{Heap after GC invocations=27 (full 2):
 PSYoungGen      total 20992K, used 2748K [0x00000000eab00000, 0x00000000ec280000, 0x0000000100000000)
  eden space 17920K, 0% used [0x00000000eab00000,0x00000000eab00000,0x00000000ebc80000)
  from space 3072K, 89% used [0x00000000ebc80000,0x00000000ebf2f248,0x00000000ebf80000)
  to   space 3072K, 0% used [0x00000000ebf80000,0x00000000ebf80000,0x00000000ec280000)
 ParOldGen       total 68608K, used 36218K [0x00000000c0000000, 0x00000000c4300000, 0x00000000eab00000)
  object space 68608K, 52% used [0x00000000c0000000,0x00000000c235ea20,0x00000000c4300000)
 Metaspace       used 44472K, committed 45696K, reserved 1114112K
  class space    used 4658K, committed 5248K, reserved 1048576K
}
Event: 8.840 GC heap before
{Heap before GC invocations=28 (full 2):
 PSYoungGen      total 20992K, used 20668K [0x00000000eab00000, 0x00000000ec280000, 0x0000000100000000)
  eden space 17920K, 100% used [0x00000000eab00000,0x00000000ebc80000,0x00000000ebc80000)
  from space 3072K, 89% used [0x00000000ebc80000,0x00000000ebf2f248,0x00000000ebf80000)
  to   space 3072K, 0% used [0x00000000ebf80000,0x00000000ebf80000,0x00000000ec280000)
 ParOldGen       total 68608K, used 36218K [0x00000000c0000000, 0x00000000c4300000, 0x00000000eab00000)
  object space 68608K, 52% used [0x00000000c0000000,0x00000000c235ea20,0x00000000c4300000)
 Metaspace       used 45279K, committed 46528K, reserved 1114112K
  class space    used 4743K, committed 5376K, reserved 1048576K
}
Event: 8.846 GC heap after
{Heap after GC invocations=28 (full 2):
 PSYoungGen      total 20480K, used 2274K [0x00000000eab00000, 0x00000000ec200000, 0x0000000100000000)
  eden space 17920K, 0% used [0x00000000eab00000,0x00000000eab00000,0x00000000ebc80000)
  from space 2560K, 88% used [0x00000000ebf80000,0x00000000ec1b8ab8,0x00000000ec200000)
  to   space 2560K, 0% used [0x00000000ebd00000,0x00000000ebd00000,0x00000000ebf80000)
 ParOldGen       total 68608K, used 38798K [0x00000000c0000000, 0x00000000c4300000, 0x00000000eab00000)
  object space 68608K, 56% used [0x00000000c0000000,0x00000000c25e39b8,0x00000000c4300000)
 Metaspace       used 45279K, committed 46528K, reserved 1114112K
  class space    used 4743K, committed 5376K, reserved 1048576K
}
Event: 8.965 GC heap before
{Heap before GC invocations=29 (full 2):
 PSYoungGen      total 20480K, used 20194K [0x00000000eab00000, 0x00000000ec200000, 0x0000000100000000)
  eden space 17920K, 100% used [0x00000000eab00000,0x00000000ebc80000,0x00000000ebc80000)
  from space 2560K, 88% used [0x00000000ebf80000,0x00000000ec1b8ab8,0x00000000ec200000)
  to   space 2560K, 0% used [0x00000000ebd00000,0x00000000ebd00000,0x00000000ebf80000)
 ParOldGen       total 68608K, used 38798K [0x00000000c0000000, 0x00000000c4300000, 0x00000000eab00000)
  object space 68608K, 56% used [0x00000000c0000000,0x00000000c25e39b8,0x00000000c4300000)
 Metaspace       used 45938K, committed 47168K, reserved 1114112K
  class space    used 4831K, committed 5440K, reserved 1048576K
}
Event: 8.969 GC heap after
{Heap after GC invocations=29 (full 2):
 PSYoungGen      total 20480K, used 2552K [0x00000000eab00000, 0x00000000ec780000, 0x0000000100000000)
  eden space 17920K, 0% used [0x00000000eab00000,0x00000000eab00000,0x00000000ebc80000)
  from space 2560K, 99% used [0x00000000ebd00000,0x00000000ebf7e1d8,0x00000000ebf80000)
  to   space 5632K, 0% used [0x00000000ec200000,0x00000000ec200000,0x00000000ec780000)
 ParOldGen       total 68608K, used 41309K [0x00000000c0000000, 0x00000000c4300000, 0x00000000eab00000)
  object space 68608K, 60% used [0x00000000c0000000,0x00000000c2857518,0x00000000c4300000)
 Metaspace       used 45938K, committed 47168K, reserved 1114112K
  class space    used 4831K, committed 5440K, reserved 1048576K
}
Event: 9.071 GC heap before
{Heap before GC invocations=30 (full 2):
 PSYoungGen      total 20480K, used 20472K [0x00000000eab00000, 0x00000000ec780000, 0x0000000100000000)
  eden space 17920K, 100% used [0x00000000eab00000,0x00000000ebc80000,0x00000000ebc80000)
  from space 2560K, 99% used [0x00000000ebd00000,0x00000000ebf7e1d8,0x00000000ebf80000)
  to   space 5632K, 0% used [0x00000000ec200000,0x00000000ec200000,0x00000000ec780000)
 ParOldGen       total 68608K, used 41309K [0x00000000c0000000, 0x00000000c4300000, 0x00000000eab00000)
  object space 68608K, 60% used [0x00000000c0000000,0x00000000c2857518,0x00000000c4300000)
 Metaspace       used 46507K, committed 47744K, reserved 1114112K
  class space    used 4897K, committed 5504K, reserved 1048576K
}
Event: 9.077 GC heap after
{Heap after GC invocations=30 (full 2):
 PSYoungGen      total 22016K, used 3793K [0x00000000eab00000, 0x00000000ec600000, 0x0000000100000000)
  eden space 17920K, 0% used [0x00000000eab00000,0x00000000eab00000,0x00000000ebc80000)
  from space 4096K, 92% used [0x00000000ec200000,0x00000000ec5b46f8,0x00000000ec600000)
  to   space 4608K, 0% used [0x00000000ebd00000,0x00000000ebd00000,0x00000000ec180000)
 ParOldGen       total 68608K, used 43747K [0x00000000c0000000, 0x00000000c4300000, 0x00000000eab00000)
  object space 68608K, 63% used [0x00000000c0000000,0x00000000c2ab8e28,0x00000000c4300000)
 Metaspace       used 46507K, committed 47744K, reserved 1114112K
  class space    used 4897K, committed 5504K, reserved 1048576K
}
Event: 9.162 GC heap before
{Heap before GC invocations=31 (full 2):
 PSYoungGen      total 22016K, used 21705K [0x00000000eab00000, 0x00000000ec600000, 0x0000000100000000)
  eden space 17920K, 99% used [0x00000000eab00000,0x00000000ebc7ddd0,0x00000000ebc80000)
  from space 4096K, 92% used [0x00000000ec200000,0x00000000ec5b46f8,0x00000000ec600000)
  to   space 4608K, 0% used [0x00000000ebd00000,0x00000000ebd00000,0x00000000ec180000)
 ParOldGen       total 68608K, used 43747K [0x00000000c0000000, 0x00000000c4300000, 0x00000000eab00000)
  object space 68608K, 63% used [0x00000000c0000000,0x00000000c2ab8e28,0x00000000c4300000)
 Metaspace       used 47488K, committed 48768K, reserved 1114112K
  class space    used 4992K, committed 5632K, reserved 1048576K
}
Event: 9.166 GC heap after
{Heap after GC invocations=31 (full 2):
 PSYoungGen      total 20992K, used 2845K [0x00000000eab00000, 0x00000000ec380000, 0x0000000100000000)
  eden space 17920K, 0% used [0x00000000eab00000,0x00000000eab00000,0x00000000ebc80000)
  from space 3072K, 92% used [0x00000000ebd00000,0x00000000ebfc75d0,0x00000000ec000000)
  to   space 3584K, 0% used [0x00000000ec000000,0x00000000ec000000,0x00000000ec380000)
 ParOldGen       total 68608K, used 47277K [0x00000000c0000000, 0x00000000c4300000, 0x00000000eab00000)
  object space 68608K, 68% used [0x00000000c0000000,0x00000000c2e2b5a8,0x00000000c4300000)
 Metaspace       used 47488K, committed 48768K, reserved 1114112K
  class space    used 4992K, committed 5632K, reserved 1048576K
}
Event: 9.243 GC heap before
{Heap before GC invocations=32 (full 2):
 PSYoungGen      total 20992K, used 20764K [0x00000000eab00000, 0x00000000ec380000, 0x0000000100000000)
  eden space 17920K, 99% used [0x00000000eab00000,0x00000000ebc7fd08,0x00000000ebc80000)
  from space 3072K, 92% used [0x00000000ebd00000,0x00000000ebfc75d0,0x00000000ec000000)
  to   space 3584K, 0% used [0x00000000ec000000,0x00000000ec000000,0x00000000ec380000)
 ParOldGen       total 68608K, used 47277K [0x00000000c0000000, 0x00000000c4300000, 0x00000000eab00000)
  object space 68608K, 68% used [0x00000000c0000000,0x00000000c2e2b5a8,0x00000000c4300000)
 Metaspace       used 48157K, committed 49408K, reserved 1114112K
  class space    used 5083K, committed 5696K, reserved 1048576K
}
Event: 9.247 GC heap after
{Heap after GC invocations=32 (full 2):
 PSYoungGen      total 21504K, used 3268K [0x00000000eab00000, 0x00000000ec380000, 0x0000000100000000)
  eden space 17920K, 0% used [0x00000000eab00000,0x00000000eab00000,0x00000000ebc80000)
  from space 3584K, 91% used [0x00000000ec000000,0x00000000ec331138,0x00000000ec380000)
  to   space 3584K, 0% used [0x00000000ebc80000,0x00000000ebc80000,0x00000000ec000000)
 ParOldGen       total 68608K, used 49859K [0x00000000c0000000, 0x00000000c4300000, 0x00000000eab00000)
  object space 68608K, 72% used [0x00000000c0000000,0x00000000c30b0d58,0x00000000c4300000)
 Metaspace       used 48157K, committed 49408K, reserved 1114112K
  class space    used 5083K, committed 5696K, reserved 1048576K
}
Event: 9.333 GC heap before
{Heap before GC invocations=33 (full 2):
 PSYoungGen      total 21504K, used 21188K [0x00000000eab00000, 0x00000000ec380000, 0x0000000100000000)
  eden space 17920K, 100% used [0x00000000eab00000,0x00000000ebc80000,0x00000000ebc80000)
  from space 3584K, 91% used [0x00000000ec000000,0x00000000ec331138,0x00000000ec380000)
  to   space 3584K, 0% used [0x00000000ebc80000,0x00000000ebc80000,0x00000000ec000000)
 ParOldGen       total 68608K, used 49859K [0x00000000c0000000, 0x00000000c4300000, 0x00000000eab00000)
  object space 68608K, 72% used [0x00000000c0000000,0x00000000c30b0d58,0x00000000c4300000)
 Metaspace       used 48964K, committed 50176K, reserved 1114112K
  class space    used 5181K, committed 5824K, reserved 1048576K
}
Event: 9.337 GC heap after
{Heap after GC invocations=33 (full 2):
 PSYoungGen      total 21504K, used 3407K [0x00000000eab00000, 0x00000000ec380000, 0x0000000100000000)
  eden space 17920K, 0% used [0x00000000eab00000,0x00000000eab00000,0x00000000ebc80000)
  from space 3584K, 95% used [0x00000000ebc80000,0x00000000ebfd3ea0,0x00000000ec000000)
  to   space 3584K, 0% used [0x00000000ec000000,0x00000000ec000000,0x00000000ec380000)
 ParOldGen       total 68608K, used 52790K [0x00000000c0000000, 0x00000000c4300000, 0x00000000eab00000)
  object space 68608K, 76% used [0x00000000c0000000,0x00000000c338db60,0x00000000c4300000)
 Metaspace       used 48964K, committed 50176K, reserved 1114112K
  class space    used 5181K, committed 5824K, reserved 1048576K
}
Event: 9.514 GC heap before
{Heap before GC invocations=34 (full 2):
 PSYoungGen      total 21504K, used 21327K [0x00000000eab00000, 0x00000000ec380000, 0x0000000100000000)
  eden space 17920K, 100% used [0x00000000eab00000,0x00000000ebc80000,0x00000000ebc80000)
  from space 3584K, 95% used [0x00000000ebc80000,0x00000000ebfd3ea0,0x00000000ec000000)
  to   space 3584K, 0% used [0x00000000ec000000,0x00000000ec000000,0x00000000ec380000)
 ParOldGen       total 68608K, used 52790K [0x00000000c0000000, 0x00000000c4300000, 0x00000000eab00000)
  object space 68608K, 76% used [0x00000000c0000000,0x00000000c338db60,0x00000000c4300000)
 Metaspace       used 49644K, committed 50944K, reserved 1114112K
  class space    used 5258K, committed 5888K, reserved 1048576K
}
Event: 9.525 GC heap after
{Heap after GC invocations=34 (full 2):
 PSYoungGen      total 20992K, used 2711K [0x00000000eab00000, 0x00000000ec300000, 0x0000000100000000)
  eden space 17920K, 0% used [0x00000000eab00000,0x00000000eab00000,0x00000000ebc80000)
  from space 3072K, 88% used [0x00000000ec000000,0x00000000ec2a5ed8,0x00000000ec300000)
  to   space 3072K, 0% used [0x00000000ebd00000,0x00000000ebd00000,0x00000000ec000000)
 ParOldGen       total 68608K, used 55985K [0x00000000c0000000, 0x00000000c4300000, 0x00000000eab00000)
  object space 68608K, 81% used [0x00000000c0000000,0x00000000c36ac6e0,0x00000000c4300000)
 Metaspace       used 49644K, committed 50944K, reserved 1114112K
  class space    used 5258K, committed 5888K, reserved 1048576K
}
Event: 9.713 GC heap before
{Heap before GC invocations=35 (full 2):
 PSYoungGen      total 20992K, used 20631K [0x00000000eab00000, 0x00000000ec300000, 0x0000000100000000)
  eden space 17920K, 100% used [0x00000000eab00000,0x00000000ebc80000,0x00000000ebc80000)
  from space 3072K, 88% used [0x00000000ec000000,0x00000000ec2a5ed8,0x00000000ec300000)
  to   space 3072K, 0% used [0x00000000ebd00000,0x00000000ebd00000,0x00000000ec000000)
 ParOldGen       total 68608K, used 55985K [0x00000000c0000000, 0x00000000c4300000, 0x00000000eab00000)
  object space 68608K, 81% used [0x00000000c0000000,0x00000000c36ac6e0,0x00000000c4300000)
 Metaspace       used 50547K, committed 51840K, reserved 1114112K
  class space    used 5380K, committed 6016K, reserved 1048576K
}
Event: 9.720 GC heap after
{Heap after GC invocations=35 (full 2):
 PSYoungGen      total 20480K, used 2373K [0x00000000eab00000, 0x00000000ec180000, 0x0000000100000000)
  eden space 17920K, 0% used [0x00000000eab00000,0x00000000eab00000,0x00000000ebc80000)
  from space 2560K, 92% used [0x00000000ebd00000,0x00000000ebf517b8,0x00000000ebf80000)
  to   space 2048K, 0% used [0x00000000ebf80000,0x00000000ebf80000,0x00000000ec180000)
 ParOldGen       total 68608K, used 58551K [0x00000000c0000000, 0x00000000c4300000, 0x00000000eab00000)
  object space 68608K, 85% used [0x00000000c0000000,0x00000000c392dcd8,0x00000000c4300000)
 Metaspace       used 50547K, committed 51840K, reserved 1114112K
  class space    used 5380K, committed 6016K, reserved 1048576K
}
Event: 9.939 GC heap before
{Heap before GC invocations=36 (full 2):
 PSYoungGen      total 20480K, used 20293K [0x00000000eab00000, 0x00000000ec180000, 0x0000000100000000)
  eden space 17920K, 100% used [0x00000000eab00000,0x00000000ebc80000,0x00000000ebc80000)
  from space 2560K, 92% used [0x00000000ebd00000,0x00000000ebf517b8,0x00000000ebf80000)
  to   space 2048K, 0% used [0x00000000ebf80000,0x00000000ebf80000,0x00000000ec180000)
 ParOldGen       total 68608K, used 58551K [0x00000000c0000000, 0x00000000c4300000, 0x00000000eab00000)
  object space 68608K, 85% used [0x00000000c0000000,0x00000000c392dcd8,0x00000000c4300000)
 Metaspace       used 50695K, committed 51968K, reserved 1114112K
  class space    used 5414K, committed 6016K, reserved 1048576K
}
Event: 9.945 GC heap after
{Heap after GC invocations=36 (full 2):
 PSYoungGen      total 17408K, used 2031K [0x00000000eab00000, 0x00000000ec780000, 0x0000000100000000)
  eden space 15360K, 0% used [0x00000000eab00000,0x00000000eab00000,0x00000000eba00000)
  from space 2048K, 99% used [0x00000000ebf80000,0x00000000ec17bd08,0x00000000ec180000)
  to   space 5632K, 0% used [0x00000000eba00000,0x00000000eba00000,0x00000000ebf80000)
 ParOldGen       total 68608K, used 61427K [0x00000000c0000000, 0x00000000c4300000, 0x00000000eab00000)
  object space 68608K, 89% used [0x00000000c0000000,0x00000000c3bfcc20,0x00000000c4300000)
 Metaspace       used 50695K, committed 51968K, reserved 1114112K
  class space    used 5414K, committed 6016K, reserved 1048576K
}

