# JRE version: OpenJDK Runtime Environment Temurin-21.0.6+7 (21.0.6+7) (build 21.0.6+7-LTS)
# Java VM: OpenJDK 64-Bit Server VM Temurin-21.0.6+7 (21.0.6+7-LTS, mixed mode, sharing, tiered, compressed oops, compressed class ptrs, parallel gc, windows-amd64)
GC Precious Log:
 CardTable entry size: 512
 CPUs: 8 total, 8 available
 Memory: 3429M
 Large Page Support: Disabled
 NUMA Support: Disabled
 Compressed Oops: Enabled (32-bit)
 Alignments: Space 512K, Generation 512K, Heap 2M
 Heap Min Capacity: 100M
 Heap Initial Capacity: 100M
 Heap Max Capacity: 1G
 Pre-touch: Disabled
 Parallel Workers: 8
Heap:
 PSYoungGen      total 57344K, used 7936K [0x00000000eab00000, 0x00000000ef800000, 0x0000000100000000)
  eden space 54272K, 9% used [0x00000000eab00000,0x00000000eafc6ab0,0x00000000ee000000)
  from space 3072K, 99% used [0x00000000ee900000,0x00000000eebf9948,0x00000000eec00000)
  to   space 9216K, 0% used [0x00000000ee000000,0x00000000ee000000,0x00000000ee900000)
 ParOldGen       total 386560K, used 386421K [0x00000000c0000000, 0x00000000d7980000, 0x00000000eab00000)
  object space 386560K, 99% used [0x00000000c0000000,0x00000000d795d680,0x00000000d7980000)
 Metaspace       used 62795K, committed 64320K, reserved 1114112K
  class space    used 6485K, committed 7168K, reserved 1048576K
GC Heap History (20 events):
Event: 33.473 GC heap before
{Heap before GC invocations=370 (full 5):
 PSYoungGen      total 60416K, used 60416K [0x00000000eab00000, 0x00000000f0a00000, 0x0000000100000000)
  eden space 51200K, 100% used [0x00000000eab00000,0x00000000edd00000,0x00000000edd00000)
  from space 9216K, 100% used [0x00000000eee80000,0x00000000ef780000,0x00000000ef780000)
  to   space 17920K, 0% used [0x00000000edd00000,0x00000000edd00000,0x00000000eee80000)
 ParOldGen       total 336384K, used 335912K [0x00000000c0000000, 0x00000000d4880000, 0x00000000eab00000)
  object space 336384K, 99% used [0x00000000c0000000,0x00000000d480a010,0x00000000d4880000)
 Metaspace       used 61026K, committed 62464K, reserved 1114112K
  class space    used 6290K, committed 6912K, reserved 1048576K
}
Event: 33.504 GC heap after
{Heap after GC invocations=370 (full 5):
 PSYoungGen      total 69120K, used 17901K [0x00000000eab00000, 0x00000000f0a00000, 0x0000000100000000)
  eden space 51200K, 0% used [0x00000000eab00000,0x00000000eab00000,0x00000000edd00000)
  from space 17920K, 99% used [0x00000000edd00000,0x00000000eee7b7f0,0x00000000eee80000)
  to   space 9216K, 0% used [0x00000000eee80000,0x00000000eee80000,0x00000000ef780000)
 ParOldGen       total 355840K, used 355505K [0x00000000c0000000, 0x00000000d5b80000, 0x00000000eab00000)
  object space 355840K, 99% used [0x00000000c0000000,0x00000000d5b2c410,0x00000000d5b80000)
 Metaspace       used 61026K, committed 62464K, reserved 1114112K
  class space    used 6290K, committed 6912K, reserved 1048576K
}
Event: 34.472 GC heap before
{Heap before GC invocations=371 (full 5):
 PSYoungGen      total 69120K, used 69101K [0x00000000eab00000, 0x00000000f0a00000, 0x0000000100000000)
  eden space 51200K, 100% used [0x00000000eab00000,0x00000000edd00000,0x00000000edd00000)
  from space 17920K, 99% used [0x00000000edd00000,0x00000000eee7b7f0,0x00000000eee80000)
  to   space 9216K, 0% used [0x00000000eee80000,0x00000000eee80000,0x00000000ef780000)
 ParOldGen       total 355840K, used 355505K [0x00000000c0000000, 0x00000000d5b80000, 0x00000000eab00000)
  object space 355840K, 99% used [0x00000000c0000000,0x00000000d5b2c410,0x00000000d5b80000)
 Metaspace       used 61073K, committed 62528K, reserved 1114112K
  class space    used 6292K, committed 6912K, reserved 1048576K
}
Event: 34.480 GC heap after
{Heap after GC invocations=371 (full 5):
 PSYoungGen      total 56832K, used 9195K [0x00000000eab00000, 0x00000000f0a80000, 0x0000000100000000)
  eden space 47616K, 0% used [0x00000000eab00000,0x00000000eab00000,0x00000000ed980000)
  from space 9216K, 99% used [0x00000000eee80000,0x00000000ef77ac60,0x00000000ef780000)
  to   space 21504K, 0% used [0x00000000ed980000,0x00000000ed980000,0x00000000eee80000)
 ParOldGen       total 358400K, used 358093K [0x00000000c0000000, 0x00000000d5e00000, 0x00000000eab00000)
  object space 358400K, 99% used [0x00000000c0000000,0x00000000d5db36f0,0x00000000d5e00000)
 Metaspace       used 61073K, committed 62528K, reserved 1114112K
  class space    used 6292K, committed 6912K, reserved 1048576K
}
Event: 34.841 GC heap before
{Heap before GC invocations=372 (full 5):
 PSYoungGen      total 56832K, used 56811K [0x00000000eab00000, 0x00000000f0a80000, 0x0000000100000000)
  eden space 47616K, 100% used [0x00000000eab00000,0x00000000ed980000,0x00000000ed980000)
  from space 9216K, 99% used [0x00000000eee80000,0x00000000ef77ac60,0x00000000ef780000)
  to   space 21504K, 0% used [0x00000000ed980000,0x00000000ed980000,0x00000000eee80000)
 ParOldGen       total 358400K, used 358093K [0x00000000c0000000, 0x00000000d5e00000, 0x00000000eab00000)
  object space 358400K, 99% used [0x00000000c0000000,0x00000000d5db36f0,0x00000000d5e00000)
 Metaspace       used 61077K, committed 62528K, reserved 1114112K
  class space    used 6292K, committed 6912K, reserved 1048576K
}
Event: 34.862 GC heap after
{Heap after GC invocations=372 (full 5):
 PSYoungGen      total 69120K, used 21474K [0x00000000eab00000, 0x00000000f0a80000, 0x0000000100000000)
  eden space 47616K, 0% used [0x00000000eab00000,0x00000000eab00000,0x00000000ed980000)
  from space 21504K, 99% used [0x00000000ed980000,0x00000000eee78ab0,0x00000000eee80000)
  to   space 9216K, 0% used [0x00000000eee80000,0x00000000eee80000,0x00000000ef780000)
 ParOldGen       total 367104K, used 367073K [0x00000000c0000000, 0x00000000d6680000, 0x00000000eab00000)
  object space 367104K, 99% used [0x00000000c0000000,0x00000000d66786a8,0x00000000d6680000)
 Metaspace       used 61077K, committed 62528K, reserved 1114112K
  class space    used 6292K, committed 6912K, reserved 1048576K
}
Event: 35.989 GC heap before
{Heap before GC invocations=373 (full 5):
 PSYoungGen      total 69120K, used 69090K [0x00000000eab00000, 0x00000000f0a80000, 0x0000000100000000)
  eden space 47616K, 100% used [0x00000000eab00000,0x00000000ed980000,0x00000000ed980000)
  from space 21504K, 99% used [0x00000000ed980000,0x00000000eee78ab0,0x00000000eee80000)
  to   space 9216K, 0% used [0x00000000eee80000,0x00000000eee80000,0x00000000ef780000)
 ParOldGen       total 367104K, used 367073K [0x00000000c0000000, 0x00000000d6680000, 0x00000000eab00000)
  object space 367104K, 99% used [0x00000000c0000000,0x00000000d66786a8,0x00000000d6680000)
 Metaspace       used 61831K, committed 63296K, reserved 1114112K
  class space    used 6361K, committed 6976K, reserved 1048576K
}
Event: 36.002 GC heap after
{Heap after GC invocations=373 (full 5):
 PSYoungGen      total 57856K, used 2771K [0x00000000eab00000, 0x00000000ef600000, 0x0000000100000000)
  eden space 50176K, 0% used [0x00000000eab00000,0x00000000eab00000,0x00000000edc00000)
  from space 7680K, 36% used [0x00000000eee80000,0x00000000ef134c40,0x00000000ef600000)
  to   space 13312K, 0% used [0x00000000edc00000,0x00000000edc00000,0x00000000ee900000)
 ParOldGen       total 378368K, used 378230K [0x00000000c0000000, 0x00000000d7180000, 0x00000000eab00000)
  object space 378368K, 99% used [0x00000000c0000000,0x00000000d715d988,0x00000000d7180000)
 Metaspace       used 61831K, committed 63296K, reserved 1114112K
  class space    used 6361K, committed 6976K, reserved 1048576K
}
Event: 36.084 GC heap before
{Heap before GC invocations=374 (full 5):
 PSYoungGen      total 57856K, used 52947K [0x00000000eab00000, 0x00000000ef600000, 0x0000000100000000)
  eden space 50176K, 100% used [0x00000000eab00000,0x00000000edc00000,0x00000000edc00000)
  from space 7680K, 36% used [0x00000000eee80000,0x00000000ef134c40,0x00000000ef600000)
  to   space 13312K, 0% used [0x00000000edc00000,0x00000000edc00000,0x00000000ee900000)
 ParOldGen       total 378368K, used 378230K [0x00000000c0000000, 0x00000000d7180000, 0x00000000eab00000)
  object space 378368K, 99% used [0x00000000c0000000,0x00000000d715d988,0x00000000d7180000)
 Metaspace       used 61854K, committed 63296K, reserved 1114112K
  class space    used 6361K, committed 6976K, reserved 1048576K
}
Event: 36.088 GC heap after
{Heap after GC invocations=374 (full 5):
 PSYoungGen      total 63488K, used 3961K [0x00000000eab00000, 0x00000000eef00000, 0x0000000100000000)
  eden space 50176K, 0% used [0x00000000eab00000,0x00000000eab00000,0x00000000edc00000)
  from space 13312K, 29% used [0x00000000edc00000,0x00000000edfde5d8,0x00000000ee900000)
  to   space 5632K, 0% used [0x00000000ee980000,0x00000000ee980000,0x00000000eef00000)
 ParOldGen       total 378368K, used 378230K [0x00000000c0000000, 0x00000000d7180000, 0x00000000eab00000)
  object space 378368K, 99% used [0x00000000c0000000,0x00000000d715d988,0x00000000d7180000)
 Metaspace       used 61854K, committed 63296K, reserved 1114112K
  class space    used 6361K, committed 6976K, reserved 1048576K
}
Event: 36.174 GC heap before
{Heap before GC invocations=375 (full 5):
 PSYoungGen      total 63488K, used 54137K [0x00000000eab00000, 0x00000000eef00000, 0x0000000100000000)
  eden space 50176K, 100% used [0x00000000eab00000,0x00000000edc00000,0x00000000edc00000)
  from space 13312K, 29% used [0x00000000edc00000,0x00000000edfde5d8,0x00000000ee900000)
  to   space 5632K, 0% used [0x00000000ee980000,0x00000000ee980000,0x00000000eef00000)
 ParOldGen       total 378368K, used 378230K [0x00000000c0000000, 0x00000000d7180000, 0x00000000eab00000)
  object space 378368K, 99% used [0x00000000c0000000,0x00000000d715d988,0x00000000d7180000)
 Metaspace       used 61873K, committed 63360K, reserved 1114112K
  class space    used 6361K, committed 6976K, reserved 1048576K
}
Event: 36.179 GC heap after
{Heap after GC invocations=375 (full 5):
 PSYoungGen      total 55808K, used 2877K [0x00000000eab00000, 0x00000000eec80000, 0x0000000100000000)
  eden space 52736K, 0% used [0x00000000eab00000,0x00000000eab00000,0x00000000ede80000)
  from space 3072K, 93% used [0x00000000ee980000,0x00000000eec4f450,0x00000000eec80000)
  to   space 3584K, 0% used [0x00000000ee580000,0x00000000ee580000,0x00000000ee900000)
 ParOldGen       total 378368K, used 378238K [0x00000000c0000000, 0x00000000d7180000, 0x00000000eab00000)
  object space 378368K, 99% used [0x00000000c0000000,0x00000000d715f988,0x00000000d7180000)
 Metaspace       used 61873K, committed 63360K, reserved 1114112K
  class space    used 6361K, committed 6976K, reserved 1048576K
}
Event: 36.283 GC heap before
{Heap before GC invocations=376 (full 5):
 PSYoungGen      total 55808K, used 55613K [0x00000000eab00000, 0x00000000eec80000, 0x0000000100000000)
  eden space 52736K, 100% used [0x00000000eab00000,0x00000000ede80000,0x00000000ede80000)
  from space 3072K, 93% used [0x00000000ee980000,0x00000000eec4f450,0x00000000eec80000)
  to   space 3584K, 0% used [0x00000000ee580000,0x00000000ee580000,0x00000000ee900000)
 ParOldGen       total 378368K, used 378238K [0x00000000c0000000, 0x00000000d7180000, 0x00000000eab00000)
  object space 378368K, 99% used [0x00000000c0000000,0x00000000d715f988,0x00000000d7180000)
 Metaspace       used 61899K, committed 63360K, reserved 1114112K
  class space    used 6362K, committed 6976K, reserved 1048576K
}
Event: 36.286 GC heap after
{Heap after GC invocations=376 (full 5):
 PSYoungGen      total 58368K, used 2923K [0x00000000eab00000, 0x00000000eea00000, 0x0000000100000000)
  eden space 55296K, 0% used [0x00000000eab00000,0x00000000eab00000,0x00000000ee100000)
  from space 3072K, 95% used [0x00000000ee580000,0x00000000ee85ad98,0x00000000ee880000)
  to   space 1536K, 0% used [0x00000000ee880000,0x00000000ee880000,0x00000000eea00000)
 ParOldGen       total 378368K, used 378246K [0x00000000c0000000, 0x00000000d7180000, 0x00000000eab00000)
  object space 378368K, 99% used [0x00000000c0000000,0x00000000d7161988,0x00000000d7180000)
 Metaspace       used 61899K, committed 63360K, reserved 1114112K
  class space    used 6362K, committed 6976K, reserved 1048576K
}
Event: 36.380 GC heap before
{Heap before GC invocations=377 (full 5):
 PSYoungGen      total 58368K, used 58219K [0x00000000eab00000, 0x00000000eea00000, 0x0000000100000000)
  eden space 55296K, 100% used [0x00000000eab00000,0x00000000ee100000,0x00000000ee100000)
  from space 3072K, 95% used [0x00000000ee580000,0x00000000ee85ad98,0x00000000ee880000)
  to   space 1536K, 0% used [0x00000000ee880000,0x00000000ee880000,0x00000000eea00000)
 ParOldGen       total 378368K, used 378246K [0x00000000c0000000, 0x00000000d7180000, 0x00000000eab00000)
  object space 378368K, 99% used [0x00000000c0000000,0x00000000d7161988,0x00000000d7180000)
 Metaspace       used 61913K, committed 63360K, reserved 1114112K
  class space    used 6362K, committed 6976K, reserved 1048576K
}
Event: 36.383 GC heap after
{Heap after GC invocations=377 (full 5):
 PSYoungGen      total 59392K, used 1505K [0x00000000eab00000, 0x00000000eeb80000, 0x0000000100000000)
  eden space 57856K, 0% used [0x00000000eab00000,0x00000000eab00000,0x00000000ee380000)
  from space 1536K, 98% used [0x00000000ee880000,0x00000000ee9f87d8,0x00000000eea00000)
  to   space 4096K, 0% used [0x00000000ee380000,0x00000000ee380000,0x00000000ee780000)
 ParOldGen       total 380416K, used 380262K [0x00000000c0000000, 0x00000000d7380000, 0x00000000eab00000)
  object space 380416K, 99% used [0x00000000c0000000,0x00000000d73599a8,0x00000000d7380000)
 Metaspace       used 61913K, committed 63360K, reserved 1114112K
  class space    used 6362K, committed 6976K, reserved 1048576K
}
Event: 36.523 GC heap before
{Heap before GC invocations=378 (full 5):
 PSYoungGen      total 59392K, used 59361K [0x00000000eab00000, 0x00000000eeb80000, 0x0000000100000000)
  eden space 57856K, 100% used [0x00000000eab00000,0x00000000ee380000,0x00000000ee380000)
  from space 1536K, 98% used [0x00000000ee880000,0x00000000ee9f87d8,0x00000000eea00000)
  to   space 4096K, 0% used [0x00000000ee380000,0x00000000ee380000,0x00000000ee780000)
 ParOldGen       total 380416K, used 380262K [0x00000000c0000000, 0x00000000d7380000, 0x00000000eab00000)
  object space 380416K, 99% used [0x00000000c0000000,0x00000000d73599a8,0x00000000d7380000)
 Metaspace       used 62023K, committed 63488K, reserved 1114112K
  class space    used 6374K, committed 7040K, reserved 1048576K
}
Event: 36.528 GC heap after
{Heap after GC invocations=378 (full 5):
 PSYoungGen      total 61952K, used 2668K [0x00000000eab00000, 0x00000000eec00000, 0x0000000100000000)
  eden space 57856K, 0% used [0x00000000eab00000,0x00000000eab00000,0x00000000ee380000)
  from space 4096K, 65% used [0x00000000ee380000,0x00000000ee61b000,0x00000000ee780000)
  to   space 3072K, 0% used [0x00000000ee900000,0x00000000ee900000,0x00000000eec00000)
 ParOldGen       total 381952K, used 381534K [0x00000000c0000000, 0x00000000d7500000, 0x00000000eab00000)
  object space 381952K, 99% used [0x00000000c0000000,0x00000000d7497a00,0x00000000d7500000)
 Metaspace       used 62023K, committed 63488K, reserved 1114112K
  class space    used 6374K, committed 7040K, reserved 1048576K
}
Event: 36.909 GC heap before
{Heap before GC invocations=379 (full 5):
 PSYoungGen      total 61952K, used 60524K [0x00000000eab00000, 0x00000000eec00000, 0x0000000100000000)
  eden space 57856K, 100% used [0x00000000eab00000,0x00000000ee380000,0x00000000ee380000)
  from space 4096K, 65% used [0x00000000ee380000,0x00000000ee61b000,0x00000000ee780000)
  to   space 3072K, 0% used [0x00000000ee900000,0x00000000ee900000,0x00000000eec00000)
 ParOldGen       total 381952K, used 381534K [0x00000000c0000000, 0x00000000d7500000, 0x00000000eab00000)
  object space 381952K, 99% used [0x00000000c0000000,0x00000000d7497a00,0x00000000d7500000)
 Metaspace       used 62248K, committed 63744K, reserved 1114112K
  class space    used 6389K, committed 7104K, reserved 1048576K
}
Event: 36.916 GC heap after
{Heap after GC invocations=379 (full 5):
 PSYoungGen      total 57344K, used 3046K [0x00000000eab00000, 0x00000000ef800000, 0x0000000100000000)
  eden space 54272K, 0% used [0x00000000eab00000,0x00000000eab00000,0x00000000ee000000)
  from space 3072K, 99% used [0x00000000ee900000,0x00000000eebf9948,0x00000000eec00000)
  to   space 9216K, 0% used [0x00000000ee000000,0x00000000ee000000,0x00000000ee900000)
 ParOldGen       total 386560K, used 386421K [0x00000000c0000000, 0x00000000d7980000, 0x00000000eab00000)
  object space 386560K, 99% used [0x00000000c0000000,0x00000000d795d680,0x00000000d7980000)
 Metaspace       used 62248K, committed 63744K, reserved 1114112K
  class space    used 6389K, committed 7104K, reserved 1048576K
}

